Using pre-set license
Built from '2020.3/staging' branch; Version is '2020.3.25f1 (9b9180224418) revision 10195328'; Using compiler version '192528614'; Build Type 'Release'
OS: 'Windows 11  (10.0.22000) 64bit CoreSingleLanguage' Language: 'ko' Physical Memory: 16316 MB
BatchMode: 1, IsHumanControllingUs: 0, StartBugReporterOnCrash: 0, Is64bit: 1, IsPro: 0

COMMAND LINE ARGUMENTS:
C:\Program Files\Unity\Hub\Editor\2020.3.25f1\Editor\Unity.exe
-adb2
-batchMode
-noUpm
-name
AssetImportWorker0
-projectPath
C:/Users/chgae/OneDrive/문서/GitHub/gejamgamejam/New Unity Project (3)
-logFile
Logs/AssetImportWorker0.log
-srvPort
58547
Successfully changed project path to: C:/Users/chgae/OneDrive/문서/GitHub/gejamgamejam/New Unity Project (3)
C:/Users/chgae/OneDrive/문서/GitHub/gejamgamejam/New Unity Project (3)
Using Asset Import Pipeline V2.
Refreshing native plugins compatible for Editor in 36.11 ms, found 2 plugins.
Preloading 0 native plugins for Editor in 0.00 ms.
Initialize engine version: 2020.3.25f1 (9b9180224418)
[Subsystems] Discovering subsystems at path C:/Program Files/Unity/Hub/Editor/2020.3.25f1/Editor/Data/Resources/UnitySubsystems
[Subsystems] Discovering subsystems at path C:/Users/chgae/OneDrive/문서/GitHub/gejamgamejam/New Unity Project (3)/Assets
GfxDevice: creating device client; threaded=0
Direct3D:
    Version:  Direct3D 11.0 [level 11.1]
    Renderer: NVIDIA GeForce GTX 1050 (ID=0x1c81)
    Vendor:   
    VRAM:     1977 MB
    Driver:   30.0.14.7111
Initialize mono
Mono path[0] = 'C:/Program Files/Unity/Hub/Editor/2020.3.25f1/Editor/Data/Managed'
Mono path[1] = 'C:/Program Files/Unity/Hub/Editor/2020.3.25f1/Editor/Data/MonoBleedingEdge/lib/mono/unityjit'
Mono config path = 'C:/Program Files/Unity/Hub/Editor/2020.3.25f1/Editor/Data/MonoBleedingEdge/etc'
Using monoOptions --debugger-agent=transport=dt_socket,embedding=1,server=y,suspend=n,address=127.0.0.1:56964
Begin MonoManager ReloadAssembly
Registering precompiled unity dll's ...
Register platform support module: C:/Program Files/Unity/Hub/Editor/2020.3.25f1/Editor/Data/PlaybackEngines/WindowsStandaloneSupport/UnityEditor.WindowsStandalone.Extensions.dll
Registered in 0.001586 seconds.
Native extension for WindowsStandalone target not found
Refreshing native plugins compatible for Editor in 32.09 ms, found 2 plugins.
Preloading 0 native plugins for Editor in 0.00 ms.
Mono: successfully reloaded assembly
- Completed reload, in  0.504 seconds
Domain Reload Profiling:
	ReloadAssembly (505ms)
		BeginReloadAssembly (48ms)
			ExecutionOrderSort (0ms)
			DisableScriptedObjects (0ms)
			BackupInstance (0ms)
			ReleaseScriptingObjects (0ms)
			CreateAndSetChildDomain (1ms)
		EndReloadAssembly (391ms)
			LoadAssemblies (46ms)
			RebuildTransferFunctionScriptingTraits (0ms)
			SetupTypeCache (137ms)
			ReleaseScriptCaches (0ms)
			RebuildScriptCaches (28ms)
			SetupLoadedEditorAssemblies (144ms)
				LogAssemblyErrors (0ms)
				InitializePlatformSupportModulesInManaged (4ms)
				SetLoadedEditorAssemblies (0ms)
				RefreshPlugins (32ms)
				BeforeProcessingInitializeOnLoad (11ms)
				ProcessInitializeOnLoadAttributes (72ms)
				ProcessInitializeOnLoadMethodAttributes (25ms)
				AfterProcessingInitializeOnLoad (0ms)
				EditorAssembliesLoaded (0ms)
			ExecutionOrderSort2 (0ms)
			AwakeInstancesAfterBackupRestoration (0ms)
Platform modules already initialized, skipping
Registering precompiled user dll's ...
Registered in 0.006018 seconds.
Begin MonoManager ReloadAssembly
Native extension for WindowsStandalone target not found
Refreshing native plugins compatible for Editor in 0.41 ms, found 2 plugins.
Preloading 0 native plugins for Editor in 0.00 ms.
Mono: successfully reloaded assembly
- Completed reload, in  0.957 seconds
Domain Reload Profiling:
	ReloadAssembly (958ms)
		BeginReloadAssembly (135ms)
			ExecutionOrderSort (0ms)
			DisableScriptedObjects (5ms)
			BackupInstance (0ms)
			ReleaseScriptingObjects (0ms)
			CreateAndSetChildDomain (19ms)
		EndReloadAssembly (760ms)
			LoadAssemblies (81ms)
			RebuildTransferFunctionScriptingTraits (0ms)
			SetupTypeCache (274ms)
			ReleaseScriptCaches (0ms)
			RebuildScriptCaches (40ms)
			SetupLoadedEditorAssemblies (278ms)
				LogAssemblyErrors (0ms)
				InitializePlatformSupportModulesInManaged (4ms)
				SetLoadedEditorAssemblies (0ms)
				RefreshPlugins (0ms)
				BeforeProcessingInitializeOnLoad (81ms)
				ProcessInitializeOnLoadAttributes (176ms)
				ProcessInitializeOnLoadMethodAttributes (8ms)
				AfterProcessingInitializeOnLoad (8ms)
				EditorAssembliesLoaded (0ms)
			ExecutionOrderSort2 (0ms)
			AwakeInstancesAfterBackupRestoration (6ms)
Platform modules already initialized, skipping
========================================================================
Worker process is ready to serve import requests
Launched and connected shader compiler UnityShaderCompiler.exe after 0.06 seconds
Refreshing native plugins compatible for Editor in 0.35 ms, found 2 plugins.
Preloading 0 native plugins for Editor in 0.00 ms.
Unloading 1634 Unused Serialized files (Serialized files now loaded: 0)
System memory in use before: 91.4 MB.
System memory in use after: 91.5 MB.

Unloading 19 unused Assets to reduce memory usage. Loaded Objects now: 2093.
Total: 2.418800 ms (FindLiveObjects: 0.127700 ms CreateObjectMapping: 0.050800 ms MarkObjects: 2.180900 ms  DeleteObjects: 0.058500 ms)

AssetImportParameters requested are different than current active one (requested -> active):
  custom:framework-win-MediaFoundation: 216162199b28c13a410421893ffa2e32 -> 
  custom:video-decoder-ogg-theora: a1e56fd34408186e4bbccfd4996cb3dc -> 
  custom:container-muxer-webm: aa71ff27fc2769a1b78a27578f13a17b -> 
  custom:container-demuxer-webm: 4f35f7cbe854078d1ac9338744f61a02 -> 
  custom:container-demuxer-ogg: 62fdf1f143b41e24485cea50d1cbac27 -> 
  custom:video-encoder-webm-vp8: eb34c28f22e8b96e1ab97ce403110664 -> 
  custom:video-decoder-webm-vp8: 9c59270c3fd7afecdb556c50c9e8de78 -> 
  custom:audio-decoder-ogg-vorbis: bf7c407c2cedff20999df2af8eb42d56 -> 
  custom:audio-encoder-webm-vorbis: bf7c407c2cedff20999df2af8eb42d56 -> 
========================================================================
Received Import Request.
  path: Assets/Prefabs/Bullet.prefab
  artifactKey: Guid(4fc46e3ce4a18d146be53c3e5d86a791) Importer(815301076,1909f56bfc062723c751e8b465ee728b)
Start importing Assets/Prefabs/Bullet.prefab using Guid(4fc46e3ce4a18d146be53c3e5d86a791) Importer(815301076,1909f56bfc062723c751e8b465ee728b)  -> (artifact id: 'efeb303b8c4a4c8cb82a469771d0a508') in 0.105227 seconds 
  Import took 0.107831 seconds .

========================================================================
Received Import Request.
  Time since last request: 7.006525 seconds.
  path: Assets/Prefabs/Bullet.prefab
  artifactKey: Guid(4fc46e3ce4a18d146be53c3e5d86a791) Importer(815301076,1909f56bfc062723c751e8b465ee728b)
Start importing Assets/Prefabs/Bullet.prefab using Guid(4fc46e3ce4a18d146be53c3e5d86a791) Importer(815301076,1909f56bfc062723c751e8b465ee728b)  -> (artifact id: '76242da9ed71cc069e1665098b81bb60') in 0.009667 seconds 
  Import took 0.012543 seconds .

========================================================================
Received Import Request.
  Time since last request: 7.678603 seconds.
  path: Assets/Prefabs/Bullet.prefab
  artifactKey: Guid(4fc46e3ce4a18d146be53c3e5d86a791) Importer(815301076,1909f56bfc062723c751e8b465ee728b)
Start importing Assets/Prefabs/Bullet.prefab using Guid(4fc46e3ce4a18d146be53c3e5d86a791) Importer(815301076,1909f56bfc062723c751e8b465ee728b)  -> (artifact id: '6c1c2e8ae85d0d9750e8598dc8ff4c29') in 0.008984 seconds 
  Import took 0.011741 seconds .

========================================================================
Received Import Request.
  Time since last request: 9.701560 seconds.
  path: Assets/Prefabs/Bullet.prefab
  artifactKey: Guid(4fc46e3ce4a18d146be53c3e5d86a791) Importer(815301076,1909f56bfc062723c751e8b465ee728b)
Start importing Assets/Prefabs/Bullet.prefab using Guid(4fc46e3ce4a18d146be53c3e5d86a791) Importer(815301076,1909f56bfc062723c751e8b465ee728b)  -> (artifact id: '1568dcd1e86e5dc92d8943216d25a116') in 0.008427 seconds 
  Import took 0.011184 seconds .

========================================================================
Received Import Request.
  Time since last request: 7.663992 seconds.
  path: Assets/Prefabs/Bullet.prefab
  artifactKey: Guid(4fc46e3ce4a18d146be53c3e5d86a791) Importer(815301076,1909f56bfc062723c751e8b465ee728b)
Start importing Assets/Prefabs/Bullet.prefab using Guid(4fc46e3ce4a18d146be53c3e5d86a791) Importer(815301076,1909f56bfc062723c751e8b465ee728b)  -> (artifact id: 'fe13a846b99e39666dc12871e88e3cbd') in 0.008171 seconds 
  Import took 0.010799 seconds .

========================================================================
Received Import Request.
  Time since last request: 8.341431 seconds.
  path: Assets/Prefabs/Bullet.prefab
  artifactKey: Guid(4fc46e3ce4a18d146be53c3e5d86a791) Importer(815301076,1909f56bfc062723c751e8b465ee728b)
Start importing Assets/Prefabs/Bullet.prefab using Guid(4fc46e3ce4a18d146be53c3e5d86a791) Importer(815301076,1909f56bfc062723c751e8b465ee728b)  -> (artifact id: 'cffd5fb823ea42dc47cf31daa756d09b') in 0.008236 seconds 
  Import took 0.011018 seconds .

========================================================================
Received Import Request.
  Time since last request: 2.453515 seconds.
  path: Assets/Prefabs/Bullet.prefab
  artifactKey: Guid(4fc46e3ce4a18d146be53c3e5d86a791) Importer(815301076,1909f56bfc062723c751e8b465ee728b)
Start importing Assets/Prefabs/Bullet.prefab using Guid(4fc46e3ce4a18d146be53c3e5d86a791) Importer(815301076,1909f56bfc062723c751e8b465ee728b)  -> (artifact id: '4e626328e93e1489c5d677e952bd8889') in 0.008207 seconds 
  Import took 0.010786 seconds .

========================================================================
Received Import Request.
  Time since last request: 7.224812 seconds.
  path: Assets/Prefabs/Bullet.prefab
  artifactKey: Guid(4fc46e3ce4a18d146be53c3e5d86a791) Importer(815301076,1909f56bfc062723c751e8b465ee728b)
Start importing Assets/Prefabs/Bullet.prefab using Guid(4fc46e3ce4a18d146be53c3e5d86a791) Importer(815301076,1909f56bfc062723c751e8b465ee728b)  -> (artifact id: '62321b2836d74a64f3c56ffea462d780') in 0.009032 seconds 
  Import took 0.011730 seconds .

========================================================================
Received Import Request.
  Time since last request: 22.125936 seconds.
  path: Assets/Prefabs/Bullet.prefab
  artifactKey: Guid(4fc46e3ce4a18d146be53c3e5d86a791) Importer(815301076,1909f56bfc062723c751e8b465ee728b)
Start importing Assets/Prefabs/Bullet.prefab using Guid(4fc46e3ce4a18d146be53c3e5d86a791) Importer(815301076,1909f56bfc062723c751e8b465ee728b)  -> (artifact id: 'a28ab98c328d3bdb4edbfd556596ff31') in 0.008468 seconds 
  Import took 0.011110 seconds .

========================================================================
Received Import Request.
  Time since last request: 3.634614 seconds.
  path: Assets/Prefabs/Bullet.prefab
  artifactKey: Guid(4fc46e3ce4a18d146be53c3e5d86a791) Importer(815301076,1909f56bfc062723c751e8b465ee728b)
Start importing Assets/Prefabs/Bullet.prefab using Guid(4fc46e3ce4a18d146be53c3e5d86a791) Importer(815301076,1909f56bfc062723c751e8b465ee728b)  -> (artifact id: '65771aa6b1529e0d8c06281b96fef1c2') in 0.008726 seconds 
  Import took 0.011242 seconds .

========================================================================
Received Import Request.
  Time since last request: 6.041922 seconds.
  path: Assets/Prefabs/Bullet.prefab
  artifactKey: Guid(4fc46e3ce4a18d146be53c3e5d86a791) Importer(815301076,1909f56bfc062723c751e8b465ee728b)
Start importing Assets/Prefabs/Bullet.prefab using Guid(4fc46e3ce4a18d146be53c3e5d86a791) Importer(815301076,1909f56bfc062723c751e8b465ee728b)  -> (artifact id: 'bd454e82bd046c3fd6fdba213e5996ad') in 0.010220 seconds 
  Import took 0.012695 seconds .

========================================================================
Received Import Request.
  Time since last request: 15.040823 seconds.
  path: Assets/Thirdparty/Ciathyza/Gridbox Prototype Materials/Materials/Standard/Prototype_512x512_Orange.mat
  artifactKey: Guid(652107f36a28e44479c0b827dee5852a) Importer(815301076,1909f56bfc062723c751e8b465ee728b)
Start importing Assets/Thirdparty/Ciathyza/Gridbox Prototype Materials/Materials/Standard/Prototype_512x512_Orange.mat using Guid(652107f36a28e44479c0b827dee5852a) Importer(815301076,1909f56bfc062723c751e8b465ee728b)  -> (artifact id: '3c55b7f88fafb99d48fea3fddd66ba2f') in 0.031646 seconds 
  Import took 0.034209 seconds .

========================================================================
Received Import Request.
  Time since last request: 0.365796 seconds.
  path: Assets/Thirdparty/Ciathyza/Gridbox Prototype Materials/Materials/Standard/Prototype_512x512_Grey2.mat
  artifactKey: Guid(07dc66ae04b7f6a43b9674bf0fefb33a) Importer(815301076,1909f56bfc062723c751e8b465ee728b)
Start importing Assets/Thirdparty/Ciathyza/Gridbox Prototype Materials/Materials/Standard/Prototype_512x512_Grey2.mat using Guid(07dc66ae04b7f6a43b9674bf0fefb33a) Importer(815301076,1909f56bfc062723c751e8b465ee728b)  -> (artifact id: 'b19e6c02785f530fabd2037e2aad41e0') in 0.014736 seconds 
  Import took 0.017336 seconds .

========================================================================
Received Import Request.
  Time since last request: 2.109276 seconds.
  path: Assets/Prefabs/Bullet.prefab
  artifactKey: Guid(4fc46e3ce4a18d146be53c3e5d86a791) Importer(815301076,1909f56bfc062723c751e8b465ee728b)
Start importing Assets/Prefabs/Bullet.prefab using Guid(4fc46e3ce4a18d146be53c3e5d86a791) Importer(815301076,1909f56bfc062723c751e8b465ee728b)  -> (artifact id: '99e4e66a91260dfd296c90f75d30977b') in 0.023961 seconds 
  Import took 0.026690 seconds .

========================================================================
Received Import Request.
  Time since last request: 2.438183 seconds.
  path: Assets/Prefabs/Bullet.prefab
  artifactKey: Guid(4fc46e3ce4a18d146be53c3e5d86a791) Importer(815301076,1909f56bfc062723c751e8b465ee728b)
Start importing Assets/Prefabs/Bullet.prefab using Guid(4fc46e3ce4a18d146be53c3e5d86a791) Importer(815301076,1909f56bfc062723c751e8b465ee728b)  -> (artifact id: 'fcc8e64a32fcc07e2f216b5468b686f7') in 0.012502 seconds 
  Import took 0.015398 seconds .

========================================================================
Received Import Request.
  Time since last request: 0.995118 seconds.
  path: Assets/Prefabs/Bullet.prefab
  artifactKey: Guid(4fc46e3ce4a18d146be53c3e5d86a791) Importer(815301076,1909f56bfc062723c751e8b465ee728b)
Start importing Assets/Prefabs/Bullet.prefab using Guid(4fc46e3ce4a18d146be53c3e5d86a791) Importer(815301076,1909f56bfc062723c751e8b465ee728b)  -> (artifact id: '75515f3154491dd225d3592b626e29fd') in 0.009508 seconds 
  Import took 0.012367 seconds .

========================================================================
Received Import Request.
  Time since last request: 1.441900 seconds.
  path: Assets/Prefabs/Bullet.prefab
  artifactKey: Guid(4fc46e3ce4a18d146be53c3e5d86a791) Importer(815301076,1909f56bfc062723c751e8b465ee728b)
Start importing Assets/Prefabs/Bullet.prefab using Guid(4fc46e3ce4a18d146be53c3e5d86a791) Importer(815301076,1909f56bfc062723c751e8b465ee728b)  -> (artifact id: 'b68c4a2d93bdfc159dcfa983095d08ad') in 0.119174 seconds 
  Import took 0.121958 seconds .

========================================================================
Received Import Request.
  Time since last request: 0.893023 seconds.
  path: Assets/Prefabs/Bullet.prefab
  artifactKey: Guid(4fc46e3ce4a18d146be53c3e5d86a791) Importer(815301076,1909f56bfc062723c751e8b465ee728b)
Start importing Assets/Prefabs/Bullet.prefab using Guid(4fc46e3ce4a18d146be53c3e5d86a791) Importer(815301076,1909f56bfc062723c751e8b465ee728b)  -> (artifact id: '5811110d9da8898c2ba9118b3941a3da') in 0.008124 seconds 
  Import took 0.010736 seconds .

========================================================================
Received Import Request.
  Time since last request: 1.803767 seconds.
  path: Assets/Prefabs/Bullet.prefab
  artifactKey: Guid(4fc46e3ce4a18d146be53c3e5d86a791) Importer(815301076,1909f56bfc062723c751e8b465ee728b)
Start importing Assets/Prefabs/Bullet.prefab using Guid(4fc46e3ce4a18d146be53c3e5d86a791) Importer(815301076,1909f56bfc062723c751e8b465ee728b)  -> (artifact id: '15fee25ad274b6ac27e372d343672ecb') in 0.013798 seconds 
  Import took 0.016480 seconds .

========================================================================
Received Import Request.
  Time since last request: 0.796019 seconds.
  path: Assets/Prefabs/Bullet.prefab
  artifactKey: Guid(4fc46e3ce4a18d146be53c3e5d86a791) Importer(815301076,1909f56bfc062723c751e8b465ee728b)
Start importing Assets/Prefabs/Bullet.prefab using Guid(4fc46e3ce4a18d146be53c3e5d86a791) Importer(815301076,1909f56bfc062723c751e8b465ee728b)  -> (artifact id: 'b893a946a9acffb61d930c15b25d9aa1') in 0.011984 seconds 
  Import took 0.014906 seconds .

========================================================================
Received Import Request.
  Time since last request: 1.615825 seconds.
  path: Assets/Prefabs/Bullet.prefab
  artifactKey: Guid(4fc46e3ce4a18d146be53c3e5d86a791) Importer(815301076,1909f56bfc062723c751e8b465ee728b)
Start importing Assets/Prefabs/Bullet.prefab using Guid(4fc46e3ce4a18d146be53c3e5d86a791) Importer(815301076,1909f56bfc062723c751e8b465ee728b)  -> (artifact id: 'b2590d63e3aed33a0ff5dca1223ff00d') in 0.007856 seconds 
  Import took 0.011223 seconds .

========================================================================
Received Import Request.
  Time since last request: 5.655332 seconds.
  path: Assets/Prefabs/Bullet.prefab
  artifactKey: Guid(4fc46e3ce4a18d146be53c3e5d86a791) Importer(815301076,1909f56bfc062723c751e8b465ee728b)
Start importing Assets/Prefabs/Bullet.prefab using Guid(4fc46e3ce4a18d146be53c3e5d86a791) Importer(815301076,1909f56bfc062723c751e8b465ee728b)  -> (artifact id: '494b3c24ed2f661d6f96c2e8e5af31c7') in 0.010386 seconds 
  Import took 0.013050 seconds .

========================================================================
Received Import Request.
  Time since last request: 15.572441 seconds.
  path: Assets/Prefabs/Bullet.prefab
  artifactKey: Guid(4fc46e3ce4a18d146be53c3e5d86a791) Importer(815301076,1909f56bfc062723c751e8b465ee728b)
Start importing Assets/Prefabs/Bullet.prefab using Guid(4fc46e3ce4a18d146be53c3e5d86a791) Importer(815301076,1909f56bfc062723c751e8b465ee728b)  -> (artifact id: 'e9efd7f7c98ab93f03af53ce0d555696') in 0.008310 seconds 
  Import took 0.011028 seconds .

========================================================================
Received Import Request.
  Time since last request: 13.930327 seconds.
  path: Assets/Prefabs/Bullet.prefab
  artifactKey: Guid(4fc46e3ce4a18d146be53c3e5d86a791) Importer(815301076,1909f56bfc062723c751e8b465ee728b)
Start importing Assets/Prefabs/Bullet.prefab using Guid(4fc46e3ce4a18d146be53c3e5d86a791) Importer(815301076,1909f56bfc062723c751e8b465ee728b)  -> (artifact id: 'ca455367816ba8574e552dbb40f86b95') in 0.008486 seconds 
  Import took 0.011296 seconds .

========================================================================
Received Import Request.
  Time since last request: 11.739575 seconds.
  path: Assets/Prefabs/Bullet.prefab
  artifactKey: Guid(4fc46e3ce4a18d146be53c3e5d86a791) Importer(815301076,1909f56bfc062723c751e8b465ee728b)
Start importing Assets/Prefabs/Bullet.prefab using Guid(4fc46e3ce4a18d146be53c3e5d86a791) Importer(815301076,1909f56bfc062723c751e8b465ee728b)  -> (artifact id: '22b81fb598cadd229f1deb3276c32747') in 0.008524 seconds 
  Import took 0.011345 seconds .

========================================================================
Received Import Request.
  Time since last request: 6.275397 seconds.
  path: Assets/Prefabs/Bullet.prefab
  artifactKey: Guid(4fc46e3ce4a18d146be53c3e5d86a791) Importer(815301076,1909f56bfc062723c751e8b465ee728b)
Start importing Assets/Prefabs/Bullet.prefab using Guid(4fc46e3ce4a18d146be53c3e5d86a791) Importer(815301076,1909f56bfc062723c751e8b465ee728b)  -> (artifact id: '9db45297a2bfe20763c71787e12b844d') in 0.007755 seconds 
  Import took 0.010451 seconds .

========================================================================
Received Import Request.
  Time since last request: 0.392170 seconds.
  path: Assets/Prefabs/Bullet.prefab
  artifactKey: Guid(4fc46e3ce4a18d146be53c3e5d86a791) Importer(815301076,1909f56bfc062723c751e8b465ee728b)
Start importing Assets/Prefabs/Bullet.prefab using Guid(4fc46e3ce4a18d146be53c3e5d86a791) Importer(815301076,1909f56bfc062723c751e8b465ee728b)  -> (artifact id: 'e61ce619201913769a93fda9bc993423') in 0.007974 seconds 
  Import took 0.010716 seconds .

========================================================================
Received Import Request.
  Time since last request: 11.115328 seconds.
  path: Assets/Prefabs/Bullet.prefab
  artifactKey: Guid(4fc46e3ce4a18d146be53c3e5d86a791) Importer(815301076,1909f56bfc062723c751e8b465ee728b)
Start importing Assets/Prefabs/Bullet.prefab using Guid(4fc46e3ce4a18d146be53c3e5d86a791) Importer(815301076,1909f56bfc062723c751e8b465ee728b)  -> (artifact id: '0bcace2fa8da747395bb6ec99c5abee8') in 0.012288 seconds 
  Import took 0.014970 seconds .

========================================================================
Received Import Request.
  Time since last request: 14.306219 seconds.
  path: Assets/Prefabs/Bullet.prefab
  artifactKey: Guid(4fc46e3ce4a18d146be53c3e5d86a791) Importer(815301076,1909f56bfc062723c751e8b465ee728b)
Start importing Assets/Prefabs/Bullet.prefab using Guid(4fc46e3ce4a18d146be53c3e5d86a791) Importer(815301076,1909f56bfc062723c751e8b465ee728b)  -> (artifact id: 'f7d4277e2e6e951d4be2c3a69519cbf1') in 0.011397 seconds 
  Import took 0.014206 seconds .

========================================================================
Received Import Request.
  Time since last request: 2.209937 seconds.
  path: Assets/Prefabs/Bullet.prefab
  artifactKey: Guid(4fc46e3ce4a18d146be53c3e5d86a791) Importer(815301076,1909f56bfc062723c751e8b465ee728b)
Start importing Assets/Prefabs/Bullet.prefab using Guid(4fc46e3ce4a18d146be53c3e5d86a791) Importer(815301076,1909f56bfc062723c751e8b465ee728b)  -> (artifact id: '8b560e221314da8eb3d1a0f8a56b4994') in 0.011131 seconds 
  Import took 0.013866 seconds .

========================================================================
Received Import Request.
  Time since last request: 16.113676 seconds.
  path: Assets/Prefabs/Bullet.prefab
  artifactKey: Guid(4fc46e3ce4a18d146be53c3e5d86a791) Importer(815301076,1909f56bfc062723c751e8b465ee728b)
Start importing Assets/Prefabs/Bullet.prefab using Guid(4fc46e3ce4a18d146be53c3e5d86a791) Importer(815301076,1909f56bfc062723c751e8b465ee728b)  -> (artifact id: '64da8ac62d84b4950a55ba859b7e1c86') in 0.011607 seconds 
  Import took 0.014344 seconds .

========================================================================
Received Import Request.
  Time since last request: 2.802589 seconds.
  path: Assets/Prefabs/Bullet.prefab
  artifactKey: Guid(4fc46e3ce4a18d146be53c3e5d86a791) Importer(815301076,1909f56bfc062723c751e8b465ee728b)
Start importing Assets/Prefabs/Bullet.prefab using Guid(4fc46e3ce4a18d146be53c3e5d86a791) Importer(815301076,1909f56bfc062723c751e8b465ee728b)  -> (artifact id: '66d28187ee06078c511cafeb8ff789b6') in 0.011303 seconds 
  Import took 0.013993 seconds .

========================================================================
Received Import Request.
  Time since last request: 15.292940 seconds.
  path: Assets/Prefabs/Bullet.prefab
  artifactKey: Guid(4fc46e3ce4a18d146be53c3e5d86a791) Importer(815301076,1909f56bfc062723c751e8b465ee728b)
Start importing Assets/Prefabs/Bullet.prefab using Guid(4fc46e3ce4a18d146be53c3e5d86a791) Importer(815301076,1909f56bfc062723c751e8b465ee728b)  -> (artifact id: 'f3f49d7bdefff7f262cd9017bf488296') in 0.007910 seconds 
  Import took 0.010576 seconds .

========================================================================
Received Import Request.
  Time since last request: 0.186257 seconds.
  path: Assets/Prefabs/Bullet.prefab
  artifactKey: Guid(4fc46e3ce4a18d146be53c3e5d86a791) Importer(815301076,1909f56bfc062723c751e8b465ee728b)
Start importing Assets/Prefabs/Bullet.prefab using Guid(4fc46e3ce4a18d146be53c3e5d86a791) Importer(815301076,1909f56bfc062723c751e8b465ee728b)  -> (artifact id: '62025c0d3c8fe7ac0a8526e0395f6386') in 0.007848 seconds 
  Import took 0.010588 seconds .

========================================================================
Received Import Request.
  Time since last request: 7.049634 seconds.
  path: Assets/Prefabs/Bullet.prefab
  artifactKey: Guid(4fc46e3ce4a18d146be53c3e5d86a791) Importer(815301076,1909f56bfc062723c751e8b465ee728b)
Start importing Assets/Prefabs/Bullet.prefab using Guid(4fc46e3ce4a18d146be53c3e5d86a791) Importer(815301076,1909f56bfc062723c751e8b465ee728b)  -> (artifact id: 'b53867e449196c3e697d29257b9aca80') in 0.008747 seconds 
  Import took 0.011627 seconds .

========================================================================
Received Import Request.
  Time since last request: 8.081884 seconds.
  path: Assets/Prefabs/Bullet.prefab
  artifactKey: Guid(4fc46e3ce4a18d146be53c3e5d86a791) Importer(815301076,1909f56bfc062723c751e8b465ee728b)
Start importing Assets/Prefabs/Bullet.prefab using Guid(4fc46e3ce4a18d146be53c3e5d86a791) Importer(815301076,1909f56bfc062723c751e8b465ee728b)  -> (artifact id: '0f8528e73a60166114a74bc3671e40f9') in 0.009655 seconds 
  Import took 0.012172 seconds .

========================================================================
Received Import Request.
  Time since last request: 27.927245 seconds.
  path: Assets/Prefabs/Bullet.prefab
  artifactKey: Guid(4fc46e3ce4a18d146be53c3e5d86a791) Importer(815301076,1909f56bfc062723c751e8b465ee728b)
Start importing Assets/Prefabs/Bullet.prefab using Guid(4fc46e3ce4a18d146be53c3e5d86a791) Importer(815301076,1909f56bfc062723c751e8b465ee728b)  -> (artifact id: '0f1dd0a856639367ce0d5314a0523a65') in 0.009234 seconds 
  Import took 0.011919 seconds .

========================================================================
Received Import Request.
  Time since last request: 4.679952 seconds.
  path: Assets/Prefabs/Bullet.prefab
  artifactKey: Guid(4fc46e3ce4a18d146be53c3e5d86a791) Importer(815301076,1909f56bfc062723c751e8b465ee728b)
Start importing Assets/Prefabs/Bullet.prefab using Guid(4fc46e3ce4a18d146be53c3e5d86a791) Importer(815301076,1909f56bfc062723c751e8b465ee728b)  -> (artifact id: 'b12192c349adca3a47fb2b5292a68899') in 0.011798 seconds 
  Import took 0.014346 seconds .

========================================================================
Received Import Request.
  Time since last request: 5.261826 seconds.
  path: Assets/Prefabs/Bullet.prefab
  artifactKey: Guid(4fc46e3ce4a18d146be53c3e5d86a791) Importer(815301076,1909f56bfc062723c751e8b465ee728b)
Start importing Assets/Prefabs/Bullet.prefab using Guid(4fc46e3ce4a18d146be53c3e5d86a791) Importer(815301076,1909f56bfc062723c751e8b465ee728b)  -> (artifact id: '750709af72a3af7206e804dd4faa7714') in 0.009143 seconds 
  Import took 0.011860 seconds .

========================================================================
Received Import Request.
  Time since last request: 10.606094 seconds.
  path: Assets/Prefabs/Bullet.prefab
  artifactKey: Guid(4fc46e3ce4a18d146be53c3e5d86a791) Importer(815301076,1909f56bfc062723c751e8b465ee728b)
Start importing Assets/Prefabs/Bullet.prefab using Guid(4fc46e3ce4a18d146be53c3e5d86a791) Importer(815301076,1909f56bfc062723c751e8b465ee728b)  -> (artifact id: '27b45ca6768d8990e0a5efa2be12315a') in 0.012667 seconds 
  Import took 0.015202 seconds .

========================================================================
Received Import Request.
  Time since last request: 17.964168 seconds.
  path: Assets/Prefabs/Bullet.prefab
  artifactKey: Guid(4fc46e3ce4a18d146be53c3e5d86a791) Importer(815301076,1909f56bfc062723c751e8b465ee728b)
Start importing Assets/Prefabs/Bullet.prefab using Guid(4fc46e3ce4a18d146be53c3e5d86a791) Importer(815301076,1909f56bfc062723c751e8b465ee728b)  -> (artifact id: '2fb074c79337812fe16682de0caa616b') in 0.009724 seconds 
  Import took 0.012316 seconds .

========================================================================
Received Import Request.
  Time since last request: 6.453816 seconds.
  path: Assets/Prefabs/Bullet.prefab
  artifactKey: Guid(4fc46e3ce4a18d146be53c3e5d86a791) Importer(815301076,1909f56bfc062723c751e8b465ee728b)
Start importing Assets/Prefabs/Bullet.prefab using Guid(4fc46e3ce4a18d146be53c3e5d86a791) Importer(815301076,1909f56bfc062723c751e8b465ee728b)  -> (artifact id: 'bbb93385d585be9affdb31a1131948b7') in 0.008006 seconds 
  Import took 0.010601 seconds .

========================================================================
Received Prepare
Registering precompiled user dll's ...
Registered in 0.004273 seconds.
Begin MonoManager ReloadAssembly
Native extension for WindowsStandalone target not found
Refreshing native plugins compatible for Editor in 0.35 ms, found 2 plugins.
Preloading 0 native plugins for Editor in 0.00 ms.
Mono: successfully reloaded assembly
- Completed reload, in  0.820 seconds
Domain Reload Profiling:
	ReloadAssembly (821ms)
		BeginReloadAssembly (103ms)
			ExecutionOrderSort (0ms)
			DisableScriptedObjects (4ms)
			BackupInstance (0ms)
			ReleaseScriptingObjects (0ms)
			CreateAndSetChildDomain (28ms)
		EndReloadAssembly (663ms)
			LoadAssemblies (70ms)
			RebuildTransferFunctionScriptingTraits (0ms)
			SetupTypeCache (236ms)
			ReleaseScriptCaches (1ms)
			RebuildScriptCaches (33ms)
			SetupLoadedEditorAssemblies (239ms)
				LogAssemblyErrors (0ms)
				InitializePlatformSupportModulesInManaged (4ms)
				SetLoadedEditorAssemblies (0ms)
				RefreshPlugins (0ms)
				BeforeProcessingInitializeOnLoad (69ms)
				ProcessInitializeOnLoadAttributes (152ms)
				ProcessInitializeOnLoadMethodAttributes (7ms)
				AfterProcessingInitializeOnLoad (6ms)
				EditorAssembliesLoaded (0ms)
			ExecutionOrderSort2 (0ms)
			AwakeInstancesAfterBackupRestoration (6ms)
Platform modules already initialized, skipping
Refreshing native plugins compatible for Editor in 0.45 ms, found 2 plugins.
Preloading 0 native plugins for Editor in 0.00 ms.
Unloading 1600 Unused Serialized files (Serialized files now loaded: 0)
System memory in use before: 91.9 MB.
System memory in use after: 92.0 MB.

Unloading 16 unused Assets to reduce memory usage. Loaded Objects now: 2136.
Total: 2.556600 ms (FindLiveObjects: 0.133300 ms CreateObjectMapping: 0.045200 ms MarkObjects: 2.348400 ms  DeleteObjects: 0.029100 ms)

AssetImportParameters requested are different than current active one (requested -> active):
  custom:framework-win-MediaFoundation: 216162199b28c13a410421893ffa2e32 -> 
  custom:video-decoder-ogg-theora: a1e56fd34408186e4bbccfd4996cb3dc -> 
  custom:container-muxer-webm: aa71ff27fc2769a1b78a27578f13a17b -> 
  custom:container-demuxer-webm: 4f35f7cbe854078d1ac9338744f61a02 -> 
  custom:container-demuxer-ogg: 62fdf1f143b41e24485cea50d1cbac27 -> 
  custom:video-encoder-webm-vp8: eb34c28f22e8b96e1ab97ce403110664 -> 
  custom:video-decoder-webm-vp8: 9c59270c3fd7afecdb556c50c9e8de78 -> 
  custom:audio-decoder-ogg-vorbis: bf7c407c2cedff20999df2af8eb42d56 -> 
  custom:audio-encoder-webm-vorbis: bf7c407c2cedff20999df2af8eb42d56 -> 
========================================================================
Received Import Request.
  Time since last request: 45.001478 seconds.
  path: Assets/Prefabs/Bullet.prefab
  artifactKey: Guid(4fc46e3ce4a18d146be53c3e5d86a791) Importer(815301076,1909f56bfc062723c751e8b465ee728b)
Start importing Assets/Prefabs/Bullet.prefab using Guid(4fc46e3ce4a18d146be53c3e5d86a791) Importer(815301076,1909f56bfc062723c751e8b465ee728b)  -> (artifact id: '5452fc430ac310463bc662a4fb5a6a61') in 0.051442 seconds 
  Import took 0.053845 seconds .

========================================================================
Received Import Request.
  Time since last request: 8.558938 seconds.
  path: Assets/Prefabs/Bullet.prefab
  artifactKey: Guid(4fc46e3ce4a18d146be53c3e5d86a791) Importer(815301076,1909f56bfc062723c751e8b465ee728b)
Start importing Assets/Prefabs/Bullet.prefab using Guid(4fc46e3ce4a18d146be53c3e5d86a791) Importer(815301076,1909f56bfc062723c751e8b465ee728b)  -> (artifact id: '16146374e2972bc1048b002a65096e77') in 0.008189 seconds 
  Import took 0.010740 seconds .

========================================================================
Received Prepare
Registering precompiled user dll's ...
Registered in 0.004224 seconds.
Begin MonoManager ReloadAssembly
Native extension for WindowsStandalone target not found
Refreshing native plugins compatible for Editor in 0.34 ms, found 2 plugins.
Preloading 0 native plugins for Editor in 0.00 ms.
Mono: successfully reloaded assembly
- Completed reload, in  0.800 seconds
Domain Reload Profiling:
	ReloadAssembly (800ms)
		BeginReloadAssembly (110ms)
			ExecutionOrderSort (0ms)
			DisableScriptedObjects (3ms)
			BackupInstance (0ms)
			ReleaseScriptingObjects (0ms)
			CreateAndSetChildDomain (32ms)
		EndReloadAssembly (638ms)
			LoadAssemblies (70ms)
			RebuildTransferFunctionScriptingTraits (0ms)
			SetupTypeCache (228ms)
			ReleaseScriptCaches (1ms)
			RebuildScriptCaches (33ms)
			SetupLoadedEditorAssemblies (228ms)
				LogAssemblyErrors (0ms)
				InitializePlatformSupportModulesInManaged (4ms)
				SetLoadedEditorAssemblies (0ms)
				RefreshPlugins (0ms)
				BeforeProcessingInitializeOnLoad (66ms)
				ProcessInitializeOnLoadAttributes (145ms)
				ProcessInitializeOnLoadMethodAttributes (6ms)
				AfterProcessingInitializeOnLoad (6ms)
				EditorAssembliesLoaded (0ms)
			ExecutionOrderSort2 (0ms)
			AwakeInstancesAfterBackupRestoration (5ms)
Platform modules already initialized, skipping
Refreshing native plugins compatible for Editor in 0.35 ms, found 2 plugins.
Preloading 0 native plugins for Editor in 0.00 ms.
Unloading 1600 Unused Serialized files (Serialized files now loaded: 0)
System memory in use before: 91.9 MB.
System memory in use after: 92.0 MB.

Unloading 14 unused Assets to reduce memory usage. Loaded Objects now: 2139.
Total: 2.423900 ms (FindLiveObjects: 0.114900 ms CreateObjectMapping: 0.041700 ms MarkObjects: 2.255300 ms  DeleteObjects: 0.011400 ms)

AssetImportParameters requested are different than current active one (requested -> active):
  custom:framework-win-MediaFoundation: 216162199b28c13a410421893ffa2e32 -> 
  custom:video-decoder-ogg-theora: a1e56fd34408186e4bbccfd4996cb3dc -> 
  custom:container-muxer-webm: aa71ff27fc2769a1b78a27578f13a17b -> 
  custom:container-demuxer-webm: 4f35f7cbe854078d1ac9338744f61a02 -> 
  custom:container-demuxer-ogg: 62fdf1f143b41e24485cea50d1cbac27 -> 
  custom:video-encoder-webm-vp8: eb34c28f22e8b96e1ab97ce403110664 -> 
  custom:video-decoder-webm-vp8: 9c59270c3fd7afecdb556c50c9e8de78 -> 
  custom:audio-decoder-ogg-vorbis: bf7c407c2cedff20999df2af8eb42d56 -> 
  custom:audio-encoder-webm-vorbis: bf7c407c2cedff20999df2af8eb42d56 -> 
========================================================================
Received Import Request.
  Time since last request: 27.277029 seconds.
  path: Assets/Prefabs/Bullet.prefab
  artifactKey: Guid(4fc46e3ce4a18d146be53c3e5d86a791) Importer(815301076,1909f56bfc062723c751e8b465ee728b)
Start importing Assets/Prefabs/Bullet.prefab using Guid(4fc46e3ce4a18d146be53c3e5d86a791) Importer(815301076,1909f56bfc062723c751e8b465ee728b)  -> (artifact id: '81317ed13eee7294ad9793da976de766') in 0.049762 seconds 
  Import took 0.052184 seconds .

========================================================================
Received Prepare
Registering precompiled user dll's ...
Registered in 0.005293 seconds.
Begin MonoManager ReloadAssembly
Native extension for WindowsStandalone target not found
Refreshing native plugins compatible for Editor in 0.34 ms, found 2 plugins.
Preloading 0 native plugins for Editor in 0.00 ms.
Mono: successfully reloaded assembly
- Completed reload, in  0.821 seconds
Domain Reload Profiling:
	ReloadAssembly (821ms)
		BeginReloadAssembly (96ms)
			ExecutionOrderSort (0ms)
			DisableScriptedObjects (3ms)
			BackupInstance (0ms)
			ReleaseScriptingObjects (0ms)
			CreateAndSetChildDomain (28ms)
		EndReloadAssembly (672ms)
			LoadAssemblies (72ms)
			RebuildTransferFunctionScriptingTraits (0ms)
			SetupTypeCache (238ms)
			ReleaseScriptCaches (1ms)
			RebuildScriptCaches (34ms)
			SetupLoadedEditorAssemblies (244ms)
				LogAssemblyErrors (0ms)
				InitializePlatformSupportModulesInManaged (4ms)
				SetLoadedEditorAssemblies (0ms)
				RefreshPlugins (0ms)
				BeforeProcessingInitializeOnLoad (72ms)
				ProcessInitializeOnLoadAttributes (153ms)
				ProcessInitializeOnLoadMethodAttributes (7ms)
				AfterProcessingInitializeOnLoad (7ms)
				EditorAssembliesLoaded (0ms)
			ExecutionOrderSort2 (0ms)
			AwakeInstancesAfterBackupRestoration (6ms)
Platform modules already initialized, skipping
Refreshing native plugins compatible for Editor in 0.34 ms, found 2 plugins.
Preloading 0 native plugins for Editor in 0.00 ms.
Unloading 1600 Unused Serialized files (Serialized files now loaded: 0)
System memory in use before: 92.0 MB.
System memory in use after: 92.1 MB.

Unloading 14 unused Assets to reduce memory usage. Loaded Objects now: 2142.
Total: 2.434700 ms (FindLiveObjects: 0.141900 ms CreateObjectMapping: 0.043300 ms MarkObjects: 2.231600 ms  DeleteObjects: 0.017000 ms)

AssetImportParameters requested are different than current active one (requested -> active):
  custom:framework-win-MediaFoundation: 216162199b28c13a410421893ffa2e32 -> 
  custom:video-decoder-ogg-theora: a1e56fd34408186e4bbccfd4996cb3dc -> 
  custom:container-muxer-webm: aa71ff27fc2769a1b78a27578f13a17b -> 
  custom:container-demuxer-webm: 4f35f7cbe854078d1ac9338744f61a02 -> 
  custom:container-demuxer-ogg: 62fdf1f143b41e24485cea50d1cbac27 -> 
  custom:video-encoder-webm-vp8: eb34c28f22e8b96e1ab97ce403110664 -> 
  custom:video-decoder-webm-vp8: 9c59270c3fd7afecdb556c50c9e8de78 -> 
  custom:audio-decoder-ogg-vorbis: bf7c407c2cedff20999df2af8eb42d56 -> 
  custom:audio-encoder-webm-vorbis: bf7c407c2cedff20999df2af8eb42d56 -> 
========================================================================
Received Import Request.
  Time since last request: 106.897789 seconds.
  path: Assets/Prefabs/Bullet.prefab
  artifactKey: Guid(4fc46e3ce4a18d146be53c3e5d86a791) Importer(815301076,1909f56bfc062723c751e8b465ee728b)
Start importing Assets/Prefabs/Bullet.prefab using Guid(4fc46e3ce4a18d146be53c3e5d86a791) Importer(815301076,1909f56bfc062723c751e8b465ee728b)  -> (artifact id: 'd47a89eb4e534195169022f2cb65466b') in 0.051917 seconds 
  Import took 0.054315 seconds .

========================================================================
Received Import Request.
  Time since last request: 16.301211 seconds.
  path: Assets/Prefabs/Bullet.prefab
  artifactKey: Guid(4fc46e3ce4a18d146be53c3e5d86a791) Importer(815301076,1909f56bfc062723c751e8b465ee728b)
Start importing Assets/Prefabs/Bullet.prefab using Guid(4fc46e3ce4a18d146be53c3e5d86a791) Importer(815301076,1909f56bfc062723c751e8b465ee728b)  -> (artifact id: 'c9d860605d833c5fa1d9afefff551eb4') in 0.008957 seconds 
  Import took 0.011616 seconds .

========================================================================
Received Import Request.
  Time since last request: 3.820364 seconds.
  path: Assets/Prefabs/Bullet.prefab
  artifactKey: Guid(4fc46e3ce4a18d146be53c3e5d86a791) Importer(815301076,1909f56bfc062723c751e8b465ee728b)
Start importing Assets/Prefabs/Bullet.prefab using Guid(4fc46e3ce4a18d146be53c3e5d86a791) Importer(815301076,1909f56bfc062723c751e8b465ee728b)  -> (artifact id: '9a230932cab75617334dbafb84d136da') in 0.008958 seconds 
  Import took 0.012094 seconds .

========================================================================
Received Import Request.
  Time since last request: 32.421304 seconds.
  path: Assets/Prefabs/Bullet.prefab
  artifactKey: Guid(4fc46e3ce4a18d146be53c3e5d86a791) Importer(815301076,1909f56bfc062723c751e8b465ee728b)
Start importing Assets/Prefabs/Bullet.prefab using Guid(4fc46e3ce4a18d146be53c3e5d86a791) Importer(815301076,1909f56bfc062723c751e8b465ee728b)  -> (artifact id: '0bb43c016435861a10285ce2a7b30b47') in 0.009123 seconds 
  Import took 0.011704 seconds .

========================================================================
Received Import Request.
  Time since last request: 4.426768 seconds.
  path: Assets/Prefabs/Bullet.prefab
  artifactKey: Guid(4fc46e3ce4a18d146be53c3e5d86a791) Importer(815301076,1909f56bfc062723c751e8b465ee728b)
Start importing Assets/Prefabs/Bullet.prefab using Guid(4fc46e3ce4a18d146be53c3e5d86a791) Importer(815301076,1909f56bfc062723c751e8b465ee728b)  -> (artifact id: '661b62901bd1363e7b392c21ef568b44') in 0.008970 seconds 
  Import took 0.011524 seconds .

========================================================================
Received Import Request.
  Time since last request: 5.486659 seconds.
  path: Assets/Prefabs/Bullet.prefab
  artifactKey: Guid(4fc46e3ce4a18d146be53c3e5d86a791) Importer(815301076,1909f56bfc062723c751e8b465ee728b)
Start importing Assets/Prefabs/Bullet.prefab using Guid(4fc46e3ce4a18d146be53c3e5d86a791) Importer(815301076,1909f56bfc062723c751e8b465ee728b)  -> (artifact id: '22652b5a5baa3c161cba04eeacecd43d') in 0.008366 seconds 
  Import took 0.011219 seconds .

========================================================================
Received Import Request.
  Time since last request: 2.022665 seconds.
  path: Assets/Prefabs/Bullet.prefab
  artifactKey: Guid(4fc46e3ce4a18d146be53c3e5d86a791) Importer(815301076,1909f56bfc062723c751e8b465ee728b)
Start importing Assets/Prefabs/Bullet.prefab using Guid(4fc46e3ce4a18d146be53c3e5d86a791) Importer(815301076,1909f56bfc062723c751e8b465ee728b)  -> (artifact id: '6686ecbe37346cc7ef5bca9614aca904') in 0.011150 seconds 
  Import took 0.013655 seconds .

========================================================================
Received Import Request.
  Time since last request: 3.388653 seconds.
  path: Assets/Prefabs/Bullet.prefab
  artifactKey: Guid(4fc46e3ce4a18d146be53c3e5d86a791) Importer(815301076,1909f56bfc062723c751e8b465ee728b)
Start importing Assets/Prefabs/Bullet.prefab using Guid(4fc46e3ce4a18d146be53c3e5d86a791) Importer(815301076,1909f56bfc062723c751e8b465ee728b)  -> (artifact id: '7e7a581eb8363e4dcf0fbc46ba05ee6a') in 0.008297 seconds 
  Import took 0.011326 seconds .

========================================================================
Received Import Request.
  Time since last request: 7.837245 seconds.
  path: Assets/Prefabs/Bullet.prefab
  artifactKey: Guid(4fc46e3ce4a18d146be53c3e5d86a791) Importer(815301076,1909f56bfc062723c751e8b465ee728b)
Start importing Assets/Prefabs/Bullet.prefab using Guid(4fc46e3ce4a18d146be53c3e5d86a791) Importer(815301076,1909f56bfc062723c751e8b465ee728b)  -> (artifact id: 'cc834277023727d0f9ab4c7872a47c2a') in 0.007740 seconds 
  Import took 0.010328 seconds .

========================================================================
Received Import Request.
  Time since last request: 9.468922 seconds.
  path: Assets/Prefabs/Bullet.prefab
  artifactKey: Guid(4fc46e3ce4a18d146be53c3e5d86a791) Importer(815301076,1909f56bfc062723c751e8b465ee728b)
Start importing Assets/Prefabs/Bullet.prefab using Guid(4fc46e3ce4a18d146be53c3e5d86a791) Importer(815301076,1909f56bfc062723c751e8b465ee728b)  -> (artifact id: '8a75c616b2fe194fe19fda8d9a993c15') in 0.007467 seconds 
  Import took 0.010075 seconds .

========================================================================
Received Import Request.
  Time since last request: 22.530403 seconds.
  path: Assets/Prefabs/Bullet.prefab
  artifactKey: Guid(4fc46e3ce4a18d146be53c3e5d86a791) Importer(815301076,1909f56bfc062723c751e8b465ee728b)
Start importing Assets/Prefabs/Bullet.prefab using Guid(4fc46e3ce4a18d146be53c3e5d86a791) Importer(815301076,1909f56bfc062723c751e8b465ee728b)  -> (artifact id: 'c0c681f600e95afbcb7aab3ffba68b61') in 0.008261 seconds 
  Import took 0.011298 seconds .

========================================================================
Received Import Request.
  Time since last request: 2.615636 seconds.
  path: Assets/Prefabs/Bullet.prefab
  artifactKey: Guid(4fc46e3ce4a18d146be53c3e5d86a791) Importer(815301076,1909f56bfc062723c751e8b465ee728b)
Start importing Assets/Prefabs/Bullet.prefab using Guid(4fc46e3ce4a18d146be53c3e5d86a791) Importer(815301076,1909f56bfc062723c751e8b465ee728b)  -> (artifact id: 'fd8ba1f998f78196ad377189dcf00559') in 0.008244 seconds 
  Import took 0.010895 seconds .

========================================================================
Received Import Request.
  Time since last request: 6.652723 seconds.
  path: Assets/Prefabs/Bullet.prefab
  artifactKey: Guid(4fc46e3ce4a18d146be53c3e5d86a791) Importer(815301076,1909f56bfc062723c751e8b465ee728b)
Start importing Assets/Prefabs/Bullet.prefab using Guid(4fc46e3ce4a18d146be53c3e5d86a791) Importer(815301076,1909f56bfc062723c751e8b465ee728b)  -> (artifact id: '3814f7bd8c3e620f9a71315083842ce0') in 0.007879 seconds 
  Import took 0.010550 seconds .

========================================================================
Received Import Request.
  Time since last request: 15.376079 seconds.
  path: Assets/Prefabs/Bullet.prefab
  artifactKey: Guid(4fc46e3ce4a18d146be53c3e5d86a791) Importer(815301076,1909f56bfc062723c751e8b465ee728b)
Start importing Assets/Prefabs/Bullet.prefab using Guid(4fc46e3ce4a18d146be53c3e5d86a791) Importer(815301076,1909f56bfc062723c751e8b465ee728b)  -> (artifact id: 'ee8b6ac1bdcac9b5eb5047eb9c069514') in 0.007727 seconds 
  Import took 0.010500 seconds .

========================================================================
Received Prepare
Registering precompiled user dll's ...
Registered in 0.005421 seconds.
Begin MonoManager ReloadAssembly
Native extension for WindowsStandalone target not found
Refreshing native plugins compatible for Editor in 0.38 ms, found 2 plugins.
Preloading 0 native plugins for Editor in 0.00 ms.
Mono: successfully reloaded assembly
- Completed reload, in  0.851 seconds
Domain Reload Profiling:
	ReloadAssembly (851ms)
		BeginReloadAssembly (106ms)
			ExecutionOrderSort (0ms)
			DisableScriptedObjects (4ms)
			BackupInstance (0ms)
			ReleaseScriptingObjects (0ms)
			CreateAndSetChildDomain (28ms)
		EndReloadAssembly (684ms)
			LoadAssemblies (78ms)
			RebuildTransferFunctionScriptingTraits (0ms)
			SetupTypeCache (239ms)
			ReleaseScriptCaches (1ms)
			RebuildScriptCaches (33ms)
			SetupLoadedEditorAssemblies (246ms)
				LogAssemblyErrors (0ms)
				InitializePlatformSupportModulesInManaged (4ms)
				SetLoadedEditorAssemblies (0ms)
				RefreshPlugins (0ms)
				BeforeProcessingInitializeOnLoad (73ms)
				ProcessInitializeOnLoadAttributes (155ms)
				ProcessInitializeOnLoadMethodAttributes (7ms)
				AfterProcessingInitializeOnLoad (6ms)
				EditorAssembliesLoaded (0ms)
			ExecutionOrderSort2 (0ms)
			AwakeInstancesAfterBackupRestoration (6ms)
Platform modules already initialized, skipping
Refreshing native plugins compatible for Editor in 0.43 ms, found 2 plugins.
Preloading 0 native plugins for Editor in 0.00 ms.
Unloading 1600 Unused Serialized files (Serialized files now loaded: 0)
System memory in use before: 92.0 MB.
System memory in use after: 92.1 MB.

Unloading 16 unused Assets to reduce memory usage. Loaded Objects now: 2145.
Total: 2.515500 ms (FindLiveObjects: 0.111600 ms CreateObjectMapping: 0.039300 ms MarkObjects: 2.338000 ms  DeleteObjects: 0.025900 ms)

AssetImportParameters requested are different than current active one (requested -> active):
  custom:framework-win-MediaFoundation: 216162199b28c13a410421893ffa2e32 -> 
  custom:video-decoder-ogg-theora: a1e56fd34408186e4bbccfd4996cb3dc -> 
  custom:container-muxer-webm: aa71ff27fc2769a1b78a27578f13a17b -> 
  custom:container-demuxer-webm: 4f35f7cbe854078d1ac9338744f61a02 -> 
  custom:container-demuxer-ogg: 62fdf1f143b41e24485cea50d1cbac27 -> 
  custom:video-encoder-webm-vp8: eb34c28f22e8b96e1ab97ce403110664 -> 
  custom:video-decoder-webm-vp8: 9c59270c3fd7afecdb556c50c9e8de78 -> 
  custom:audio-decoder-ogg-vorbis: bf7c407c2cedff20999df2af8eb42d56 -> 
  custom:audio-encoder-webm-vorbis: bf7c407c2cedff20999df2af8eb42d56 -> 
========================================================================
Received Import Request.
  Time since last request: 30.261392 seconds.
  path: Assets/Prefabs/Bullet.prefab
  artifactKey: Guid(4fc46e3ce4a18d146be53c3e5d86a791) Importer(815301076,1909f56bfc062723c751e8b465ee728b)
Start importing Assets/Prefabs/Bullet.prefab using Guid(4fc46e3ce4a18d146be53c3e5d86a791) Importer(815301076,1909f56bfc062723c751e8b465ee728b)  -> (artifact id: '571218f391cb4e3492efd9b3e35dc0c6') in 0.049220 seconds 
  Import took 0.051611 seconds .

========================================================================
Received Prepare
Registering precompiled user dll's ...
Registered in 0.006249 seconds.
Begin MonoManager ReloadAssembly
Native extension for WindowsStandalone target not found
Refreshing native plugins compatible for Editor in 0.34 ms, found 2 plugins.
Preloading 0 native plugins for Editor in 0.00 ms.
Mono: successfully reloaded assembly
- Completed reload, in  0.829 seconds
Domain Reload Profiling:
	ReloadAssembly (829ms)
		BeginReloadAssembly (103ms)
			ExecutionOrderSort (0ms)
			DisableScriptedObjects (4ms)
			BackupInstance (0ms)
			ReleaseScriptingObjects (0ms)
			CreateAndSetChildDomain (31ms)
		EndReloadAssembly (671ms)
			LoadAssemblies (73ms)
			RebuildTransferFunctionScriptingTraits (0ms)
			SetupTypeCache (244ms)
			ReleaseScriptCaches (1ms)
			RebuildScriptCaches (34ms)
			SetupLoadedEditorAssemblies (237ms)
				LogAssemblyErrors (0ms)
				InitializePlatformSupportModulesInManaged (4ms)
				SetLoadedEditorAssemblies (0ms)
				RefreshPlugins (0ms)
				BeforeProcessingInitializeOnLoad (67ms)
				ProcessInitializeOnLoadAttributes (152ms)
				ProcessInitializeOnLoadMethodAttributes (7ms)
				AfterProcessingInitializeOnLoad (7ms)
				EditorAssembliesLoaded (0ms)
			ExecutionOrderSort2 (0ms)
			AwakeInstancesAfterBackupRestoration (6ms)
Platform modules already initialized, skipping
Refreshing native plugins compatible for Editor in 0.47 ms, found 2 plugins.
Preloading 0 native plugins for Editor in 0.00 ms.
Unloading 1600 Unused Serialized files (Serialized files now loaded: 0)
System memory in use before: 92.0 MB.
System memory in use after: 92.1 MB.

Unloading 16 unused Assets to reduce memory usage. Loaded Objects now: 2148.
Total: 2.546400 ms (FindLiveObjects: 0.158900 ms CreateObjectMapping: 0.055200 ms MarkObjects: 2.300600 ms  DeleteObjects: 0.030900 ms)

AssetImportParameters requested are different than current active one (requested -> active):
  custom:framework-win-MediaFoundation: 216162199b28c13a410421893ffa2e32 -> 
  custom:video-decoder-ogg-theora: a1e56fd34408186e4bbccfd4996cb3dc -> 
  custom:container-muxer-webm: aa71ff27fc2769a1b78a27578f13a17b -> 
  custom:container-demuxer-webm: 4f35f7cbe854078d1ac9338744f61a02 -> 
  custom:container-demuxer-ogg: 62fdf1f143b41e24485cea50d1cbac27 -> 
  custom:video-encoder-webm-vp8: eb34c28f22e8b96e1ab97ce403110664 -> 
  custom:video-decoder-webm-vp8: 9c59270c3fd7afecdb556c50c9e8de78 -> 
  custom:audio-decoder-ogg-vorbis: bf7c407c2cedff20999df2af8eb42d56 -> 
  custom:audio-encoder-webm-vorbis: bf7c407c2cedff20999df2af8eb42d56 -> 
========================================================================
Received Import Request.
  Time since last request: 33.629483 seconds.
  path: Assets/Prefabs/Bullet.prefab
  artifactKey: Guid(4fc46e3ce4a18d146be53c3e5d86a791) Importer(815301076,1909f56bfc062723c751e8b465ee728b)
Start importing Assets/Prefabs/Bullet.prefab using Guid(4fc46e3ce4a18d146be53c3e5d86a791) Importer(815301076,1909f56bfc062723c751e8b465ee728b)  -> (artifact id: '4d65db6c33a920de354adace5037546c') in 0.053240 seconds 
  Import took 0.055850 seconds .

========================================================================
Received Import Request.
  Time since last request: 13.836864 seconds.
  path: Assets/Prefabs/Bullet.prefab
  artifactKey: Guid(4fc46e3ce4a18d146be53c3e5d86a791) Importer(815301076,1909f56bfc062723c751e8b465ee728b)
Start importing Assets/Prefabs/Bullet.prefab using Guid(4fc46e3ce4a18d146be53c3e5d86a791) Importer(815301076,1909f56bfc062723c751e8b465ee728b)  -> (artifact id: '044ececbafde37f728df21616d43fe70') in 0.011069 seconds 
  Import took 0.015492 seconds .

========================================================================
Received Import Request.
  Time since last request: 11.451484 seconds.
  path: Assets/Prefabs/Bullet.prefab
  artifactKey: Guid(4fc46e3ce4a18d146be53c3e5d86a791) Importer(815301076,1909f56bfc062723c751e8b465ee728b)
Start importing Assets/Prefabs/Bullet.prefab using Guid(4fc46e3ce4a18d146be53c3e5d86a791) Importer(815301076,1909f56bfc062723c751e8b465ee728b)  -> (artifact id: 'fb8e9927ebcd25f9d69287f55793d887') in 0.009588 seconds 
  Import took 0.012696 seconds .

========================================================================
Received Import Request.
  Time since last request: 13.721060 seconds.
  path: Assets/Prefabs/Bullet.prefab
  artifactKey: Guid(4fc46e3ce4a18d146be53c3e5d86a791) Importer(815301076,1909f56bfc062723c751e8b465ee728b)
Start importing Assets/Prefabs/Bullet.prefab using Guid(4fc46e3ce4a18d146be53c3e5d86a791) Importer(815301076,1909f56bfc062723c751e8b465ee728b)  -> (artifact id: 'c4fe694dfe1a42b9efd5ed5a5d9be6ef') in 0.008874 seconds 
  Import took 0.011719 seconds .

========================================================================
Received Import Request.
  Time since last request: 3.415017 seconds.
  path: Assets/Prefabs/Bullet.prefab
  artifactKey: Guid(4fc46e3ce4a18d146be53c3e5d86a791) Importer(815301076,1909f56bfc062723c751e8b465ee728b)
Start importing Assets/Prefabs/Bullet.prefab using Guid(4fc46e3ce4a18d146be53c3e5d86a791) Importer(815301076,1909f56bfc062723c751e8b465ee728b)  -> (artifact id: '0c20ef1e281d4b000153ee8d2ca10c33') in 0.007736 seconds 
  Import took 0.010300 seconds .

========================================================================
Received Import Request.
  Time since last request: 13.139306 seconds.
  path: Assets/Prefabs/Bullet.prefab
  artifactKey: Guid(4fc46e3ce4a18d146be53c3e5d86a791) Importer(815301076,1909f56bfc062723c751e8b465ee728b)
Start importing Assets/Prefabs/Bullet.prefab using Guid(4fc46e3ce4a18d146be53c3e5d86a791) Importer(815301076,1909f56bfc062723c751e8b465ee728b)  -> (artifact id: 'ce38d478a59e781a61941b3bfb545e64') in 0.007756 seconds 
  Import took 0.010397 seconds .

========================================================================
Received Import Request.
  Time since last request: 4.068888 seconds.
  path: Assets/Prefabs/Bullet.prefab
  artifactKey: Guid(4fc46e3ce4a18d146be53c3e5d86a791) Importer(815301076,1909f56bfc062723c751e8b465ee728b)
Start importing Assets/Prefabs/Bullet.prefab using Guid(4fc46e3ce4a18d146be53c3e5d86a791) Importer(815301076,1909f56bfc062723c751e8b465ee728b)  -> (artifact id: '70dc124869c7eaecb91e0e6d5a851bfa') in 0.009658 seconds 
  Import took 0.012198 seconds .

========================================================================
Received Import Request.
  Time since last request: 0.187599 seconds.
  path: Assets/Prefabs/Bullet.prefab
  artifactKey: Guid(4fc46e3ce4a18d146be53c3e5d86a791) Importer(815301076,1909f56bfc062723c751e8b465ee728b)
Start importing Assets/Prefabs/Bullet.prefab using Guid(4fc46e3ce4a18d146be53c3e5d86a791) Importer(815301076,1909f56bfc062723c751e8b465ee728b)  -> (artifact id: '5184345e2a2c404efdf9bf5761347196') in 0.008480 seconds 
  Import took 0.011424 seconds .

========================================================================
Received Import Request.
  Time since last request: 2.851421 seconds.
  path: Assets/Prefabs/Bullet.prefab
  artifactKey: Guid(4fc46e3ce4a18d146be53c3e5d86a791) Importer(815301076,1909f56bfc062723c751e8b465ee728b)
Start importing Assets/Prefabs/Bullet.prefab using Guid(4fc46e3ce4a18d146be53c3e5d86a791) Importer(815301076,1909f56bfc062723c751e8b465ee728b)  -> (artifact id: '1e491bead33de68e5f6378840612b4d9') in 0.010568 seconds 
  Import took 0.013127 seconds .

========================================================================
Received Import Request.
  Time since last request: 7.414740 seconds.
  path: Assets/Prefabs/Bullet.prefab
  artifactKey: Guid(4fc46e3ce4a18d146be53c3e5d86a791) Importer(815301076,1909f56bfc062723c751e8b465ee728b)
Start importing Assets/Prefabs/Bullet.prefab using Guid(4fc46e3ce4a18d146be53c3e5d86a791) Importer(815301076,1909f56bfc062723c751e8b465ee728b)  -> (artifact id: '91ba7588dc873d1ba7422aea915bb803') in 0.014439 seconds 
  Import took 0.017243 seconds .

========================================================================
Received Import Request.
  Time since last request: 43.801821 seconds.
  path: Assets/Prefabs/Bullet.prefab
  artifactKey: Guid(4fc46e3ce4a18d146be53c3e5d86a791) Importer(815301076,1909f56bfc062723c751e8b465ee728b)
Start importing Assets/Prefabs/Bullet.prefab using Guid(4fc46e3ce4a18d146be53c3e5d86a791) Importer(815301076,1909f56bfc062723c751e8b465ee728b)  -> (artifact id: 'e500a50dc2864a58210ac8e3aac862cc') in 0.008768 seconds 
  Import took 0.011526 seconds .

========================================================================
Received Import Request.
  Time since last request: 22.787729 seconds.
  path: Assets/Prefabs/Bullet.prefab
  artifactKey: Guid(4fc46e3ce4a18d146be53c3e5d86a791) Importer(815301076,1909f56bfc062723c751e8b465ee728b)
Start importing Assets/Prefabs/Bullet.prefab using Guid(4fc46e3ce4a18d146be53c3e5d86a791) Importer(815301076,1909f56bfc062723c751e8b465ee728b)  -> (artifact id: '04db4e18b3862ffdd36aa86086fe8603') in 0.008333 seconds 
  Import took 0.010931 seconds .

========================================================================
Received Import Request.
  Time since last request: 3.422588 seconds.
  path: Assets/Prefabs/Bullet.prefab
  artifactKey: Guid(4fc46e3ce4a18d146be53c3e5d86a791) Importer(815301076,1909f56bfc062723c751e8b465ee728b)
Start importing Assets/Prefabs/Bullet.prefab using Guid(4fc46e3ce4a18d146be53c3e5d86a791) Importer(815301076,1909f56bfc062723c751e8b465ee728b)  -> (artifact id: '98417afde79ffaab26c91d9c980306de') in 0.008820 seconds 
  Import took 0.011563 seconds .

========================================================================
Received Import Request.
  Time since last request: 12.121350 seconds.
  path: Assets/Prefabs/Bullet.prefab
  artifactKey: Guid(4fc46e3ce4a18d146be53c3e5d86a791) Importer(815301076,1909f56bfc062723c751e8b465ee728b)
Start importing Assets/Prefabs/Bullet.prefab using Guid(4fc46e3ce4a18d146be53c3e5d86a791) Importer(815301076,1909f56bfc062723c751e8b465ee728b)  -> (artifact id: 'e829bf1709670a4fe2a7c3588212681e') in 0.009584 seconds 
  Import took 0.012414 seconds .

========================================================================
Received Import Request.
  Time since last request: 4.217322 seconds.
  path: Assets/Prefabs/Bullet.prefab
  artifactKey: Guid(4fc46e3ce4a18d146be53c3e5d86a791) Importer(815301076,1909f56bfc062723c751e8b465ee728b)
Start importing Assets/Prefabs/Bullet.prefab using Guid(4fc46e3ce4a18d146be53c3e5d86a791) Importer(815301076,1909f56bfc062723c751e8b465ee728b)  -> (artifact id: '0b79702e2ac80746376d7941982147c7') in 0.008660 seconds 
  Import took 0.011334 seconds .

========================================================================
Received Import Request.
  Time since last request: 16.346887 seconds.
  path: Assets/Prefabs/Bullet.prefab
  artifactKey: Guid(4fc46e3ce4a18d146be53c3e5d86a791) Importer(815301076,1909f56bfc062723c751e8b465ee728b)
Start importing Assets/Prefabs/Bullet.prefab using Guid(4fc46e3ce4a18d146be53c3e5d86a791) Importer(815301076,1909f56bfc062723c751e8b465ee728b)  -> (artifact id: 'db8c30320e478c3a51bb2e86b3341e94') in 0.009216 seconds 
  Import took 0.012136 seconds .

========================================================================
Received Import Request.
  Time since last request: 6.446710 seconds.
  path: Assets/Prefabs/Bullet.prefab
  artifactKey: Guid(4fc46e3ce4a18d146be53c3e5d86a791) Importer(815301076,1909f56bfc062723c751e8b465ee728b)
Start importing Assets/Prefabs/Bullet.prefab using Guid(4fc46e3ce4a18d146be53c3e5d86a791) Importer(815301076,1909f56bfc062723c751e8b465ee728b)  -> (artifact id: '573b11feaa2b96bdeb442b11c0fc562f') in 0.008311 seconds 
  Import took 0.011074 seconds .

========================================================================
Received Import Request.
  Time since last request: 3.620549 seconds.
  path: Assets/Prefabs/Bullet.prefab
  artifactKey: Guid(4fc46e3ce4a18d146be53c3e5d86a791) Importer(815301076,1909f56bfc062723c751e8b465ee728b)
Start importing Assets/Prefabs/Bullet.prefab using Guid(4fc46e3ce4a18d146be53c3e5d86a791) Importer(815301076,1909f56bfc062723c751e8b465ee728b)  -> (artifact id: '21208ad24b0284885c338a16d7ebca68') in 0.009907 seconds 
  Import took 0.013944 seconds .

========================================================================
Received Import Request.
  Time since last request: 1.396230 seconds.
  path: Assets/Prefabs/Bullet.prefab
  artifactKey: Guid(4fc46e3ce4a18d146be53c3e5d86a791) Importer(815301076,1909f56bfc062723c751e8b465ee728b)
Start importing Assets/Prefabs/Bullet.prefab using Guid(4fc46e3ce4a18d146be53c3e5d86a791) Importer(815301076,1909f56bfc062723c751e8b465ee728b)  -> (artifact id: '94dd141dbe11f53816b31b99297db10f') in 0.008154 seconds 
  Import took 0.010712 seconds .

========================================================================
Received Import Request.
  Time since last request: 2.635303 seconds.
  path: Assets/Prefabs/Bullet.prefab
  artifactKey: Guid(4fc46e3ce4a18d146be53c3e5d86a791) Importer(815301076,1909f56bfc062723c751e8b465ee728b)
Start importing Assets/Prefabs/Bullet.prefab using Guid(4fc46e3ce4a18d146be53c3e5d86a791) Importer(815301076,1909f56bfc062723c751e8b465ee728b)  -> (artifact id: 'fb4127fa5314a8f2256fe64832a2bc8a') in 0.009298 seconds 
  Import took 0.012020 seconds .

========================================================================
Received Import Request.
  Time since last request: 2.043959 seconds.
  path: Assets/Prefabs/Bullet.prefab
  artifactKey: Guid(4fc46e3ce4a18d146be53c3e5d86a791) Importer(815301076,1909f56bfc062723c751e8b465ee728b)
Start importing Assets/Prefabs/Bullet.prefab using Guid(4fc46e3ce4a18d146be53c3e5d86a791) Importer(815301076,1909f56bfc062723c751e8b465ee728b)  -> (artifact id: '5193f97ad64195770c9b20fdd6690b07') in 0.009048 seconds 
  Import took 0.011859 seconds .

========================================================================
Received Import Request.
  Time since last request: 25.661610 seconds.
  path: Assets/Prefabs/Bullet.prefab
  artifactKey: Guid(4fc46e3ce4a18d146be53c3e5d86a791) Importer(815301076,1909f56bfc062723c751e8b465ee728b)
Start importing Assets/Prefabs/Bullet.prefab using Guid(4fc46e3ce4a18d146be53c3e5d86a791) Importer(815301076,1909f56bfc062723c751e8b465ee728b)  -> (artifact id: '078239353d790b1e936006a6c7bc622f') in 0.012657 seconds 
  Import took 0.015305 seconds .

========================================================================
Received Import Request.
  Time since last request: 12.062852 seconds.
  path: Assets/Prefabs/Bullet.prefab
  artifactKey: Guid(4fc46e3ce4a18d146be53c3e5d86a791) Importer(815301076,1909f56bfc062723c751e8b465ee728b)
Start importing Assets/Prefabs/Bullet.prefab using Guid(4fc46e3ce4a18d146be53c3e5d86a791) Importer(815301076,1909f56bfc062723c751e8b465ee728b)  -> (artifact id: '3249cf11eb20132240053168e02d5203') in 0.009290 seconds 
  Import took 0.013405 seconds .

========================================================================
Received Import Request.
  Time since last request: 14.764492 seconds.
  path: Assets/Prefabs/Bullet.prefab
  artifactKey: Guid(4fc46e3ce4a18d146be53c3e5d86a791) Importer(815301076,1909f56bfc062723c751e8b465ee728b)
Start importing Assets/Prefabs/Bullet.prefab using Guid(4fc46e3ce4a18d146be53c3e5d86a791) Importer(815301076,1909f56bfc062723c751e8b465ee728b)  -> (artifact id: 'd8a0de28c971a4473830f9b9bdb94bcb') in 0.007722 seconds 
  Import took 0.010373 seconds .

========================================================================
Received Import Request.
  Time since last request: 2.919768 seconds.
  path: Assets/Prefabs/Bullet.prefab
  artifactKey: Guid(4fc46e3ce4a18d146be53c3e5d86a791) Importer(815301076,1909f56bfc062723c751e8b465ee728b)
Start importing Assets/Prefabs/Bullet.prefab using Guid(4fc46e3ce4a18d146be53c3e5d86a791) Importer(815301076,1909f56bfc062723c751e8b465ee728b)  -> (artifact id: 'c66647b031e1b19303372a78565e821c') in 0.007885 seconds 
  Import took 0.010513 seconds .

========================================================================
Received Import Request.
  Time since last request: 3.293228 seconds.
  path: Assets/Prefabs/Bullet.prefab
  artifactKey: Guid(4fc46e3ce4a18d146be53c3e5d86a791) Importer(815301076,1909f56bfc062723c751e8b465ee728b)
Start importing Assets/Prefabs/Bullet.prefab using Guid(4fc46e3ce4a18d146be53c3e5d86a791) Importer(815301076,1909f56bfc062723c751e8b465ee728b)  -> (artifact id: '3f20d4e1eec389c7c7bfda42b9484280') in 0.008214 seconds 
  Import took 0.011866 seconds .

========================================================================
Received Import Request.
  Time since last request: 2.621672 seconds.
  path: Assets/Prefabs/Bullet.prefab
  artifactKey: Guid(4fc46e3ce4a18d146be53c3e5d86a791) Importer(815301076,1909f56bfc062723c751e8b465ee728b)
Start importing Assets/Prefabs/Bullet.prefab using Guid(4fc46e3ce4a18d146be53c3e5d86a791) Importer(815301076,1909f56bfc062723c751e8b465ee728b)  -> (artifact id: '7be8d0337cf940cebbcc376b22b0b99a') in 0.007505 seconds 
  Import took 0.010218 seconds .

========================================================================
Received Import Request.
  Time since last request: 4.289774 seconds.
  path: Assets/Prefabs/Bullet.prefab
  artifactKey: Guid(4fc46e3ce4a18d146be53c3e5d86a791) Importer(815301076,1909f56bfc062723c751e8b465ee728b)
Start importing Assets/Prefabs/Bullet.prefab using Guid(4fc46e3ce4a18d146be53c3e5d86a791) Importer(815301076,1909f56bfc062723c751e8b465ee728b)  -> (artifact id: '28aca154516754821a8b05d2f6314d14') in 0.007942 seconds 
  Import took 0.010748 seconds .

========================================================================
Received Import Request.
  Time since last request: 8.374188 seconds.
  path: Assets/Prefabs/Bullet.prefab
  artifactKey: Guid(4fc46e3ce4a18d146be53c3e5d86a791) Importer(815301076,1909f56bfc062723c751e8b465ee728b)
Start importing Assets/Prefabs/Bullet.prefab using Guid(4fc46e3ce4a18d146be53c3e5d86a791) Importer(815301076,1909f56bfc062723c751e8b465ee728b)  -> (artifact id: 'a2324e5de8e940e5e2136d89acdc23d1') in 0.009018 seconds 
  Import took 0.011735 seconds .

========================================================================
Received Import Request.
  Time since last request: 33.677500 seconds.
  path: Assets/Prefabs/Bullet.prefab
  artifactKey: Guid(4fc46e3ce4a18d146be53c3e5d86a791) Importer(815301076,1909f56bfc062723c751e8b465ee728b)
Start importing Assets/Prefabs/Bullet.prefab using Guid(4fc46e3ce4a18d146be53c3e5d86a791) Importer(815301076,1909f56bfc062723c751e8b465ee728b)  -> (artifact id: '74a0795b6b7ceed55ec03f2cde4e3be2') in 0.008622 seconds 
  Import took 0.011506 seconds .

========================================================================
Received Import Request.
  Time since last request: 6.048040 seconds.
  path: Assets/Prefabs/Bullet.prefab
  artifactKey: Guid(4fc46e3ce4a18d146be53c3e5d86a791) Importer(815301076,1909f56bfc062723c751e8b465ee728b)
Start importing Assets/Prefabs/Bullet.prefab using Guid(4fc46e3ce4a18d146be53c3e5d86a791) Importer(815301076,1909f56bfc062723c751e8b465ee728b)  -> (artifact id: '9ec78f314139b0a0ecb5e51c2cae66b0') in 0.007810 seconds 
  Import took 0.010893 seconds .

========================================================================
Received Import Request.
  Time since last request: 6.844962 seconds.
  path: Assets/Prefabs/Bullet.prefab
  artifactKey: Guid(4fc46e3ce4a18d146be53c3e5d86a791) Importer(815301076,1909f56bfc062723c751e8b465ee728b)
Start importing Assets/Prefabs/Bullet.prefab using Guid(4fc46e3ce4a18d146be53c3e5d86a791) Importer(815301076,1909f56bfc062723c751e8b465ee728b)  -> (artifact id: '3640aa9cea1c342fe99e0c41c56af4f5') in 0.007636 seconds 
  Import took 0.010408 seconds .

========================================================================
Received Prepare
Registering precompiled user dll's ...
Registered in 0.004236 seconds.
Begin MonoManager ReloadAssembly
Native extension for WindowsStandalone target not found
Refreshing native plugins compatible for Editor in 0.34 ms, found 2 plugins.
Preloading 0 native plugins for Editor in 0.00 ms.
Mono: successfully reloaded assembly
- Completed reload, in  0.816 seconds
Domain Reload Profiling:
	ReloadAssembly (816ms)
		BeginReloadAssembly (94ms)
			ExecutionOrderSort (0ms)
			DisableScriptedObjects (3ms)
			BackupInstance (0ms)
			ReleaseScriptingObjects (0ms)
			CreateAndSetChildDomain (30ms)
		EndReloadAssembly (669ms)
			LoadAssemblies (75ms)
			RebuildTransferFunctionScriptingTraits (0ms)
			SetupTypeCache (236ms)
			ReleaseScriptCaches (1ms)
			RebuildScriptCaches (34ms)
			SetupLoadedEditorAssemblies (240ms)
				LogAssemblyErrors (0ms)
				InitializePlatformSupportModulesInManaged (4ms)
				SetLoadedEditorAssemblies (0ms)
				RefreshPlugins (0ms)
				BeforeProcessingInitializeOnLoad (68ms)
				ProcessInitializeOnLoadAttributes (154ms)
				ProcessInitializeOnLoadMethodAttributes (7ms)
				AfterProcessingInitializeOnLoad (6ms)
				EditorAssembliesLoaded (0ms)
			ExecutionOrderSort2 (0ms)
			AwakeInstancesAfterBackupRestoration (6ms)
Platform modules already initialized, skipping
Refreshing native plugins compatible for Editor in 0.35 ms, found 2 plugins.
Preloading 0 native plugins for Editor in 0.00 ms.
Unloading 1600 Unused Serialized files (Serialized files now loaded: 0)
System memory in use before: 92.1 MB.
System memory in use after: 92.2 MB.

Unloading 18 unused Assets to reduce memory usage. Loaded Objects now: 2151.
Total: 2.440100 ms (FindLiveObjects: 0.139700 ms CreateObjectMapping: 0.045600 ms MarkObjects: 2.216600 ms  DeleteObjects: 0.037500 ms)

AssetImportParameters requested are different than current active one (requested -> active):
  custom:framework-win-MediaFoundation: 216162199b28c13a410421893ffa2e32 -> 
  custom:video-decoder-ogg-theora: a1e56fd34408186e4bbccfd4996cb3dc -> 
  custom:container-muxer-webm: aa71ff27fc2769a1b78a27578f13a17b -> 
  custom:container-demuxer-webm: 4f35f7cbe854078d1ac9338744f61a02 -> 
  custom:container-demuxer-ogg: 62fdf1f143b41e24485cea50d1cbac27 -> 
  custom:video-encoder-webm-vp8: eb34c28f22e8b96e1ab97ce403110664 -> 
  custom:video-decoder-webm-vp8: 9c59270c3fd7afecdb556c50c9e8de78 -> 
  custom:audio-decoder-ogg-vorbis: bf7c407c2cedff20999df2af8eb42d56 -> 
  custom:audio-encoder-webm-vorbis: bf7c407c2cedff20999df2af8eb42d56 -> 
========================================================================
Received Import Request.
  Time since last request: 39.705552 seconds.
  path: Assets/Prefabs/Bullet.prefab
  artifactKey: Guid(4fc46e3ce4a18d146be53c3e5d86a791) Importer(815301076,1909f56bfc062723c751e8b465ee728b)
Start importing Assets/Prefabs/Bullet.prefab using Guid(4fc46e3ce4a18d146be53c3e5d86a791) Importer(815301076,1909f56bfc062723c751e8b465ee728b)  -> (artifact id: '18ea84b6bda5f78bf2cbc01837444e00') in 0.053867 seconds 
  Import took 0.056378 seconds .

========================================================================
Received Import Request.
  Time since last request: 5.588173 seconds.
  path: Assets/Prefabs/Bullet.prefab
  artifactKey: Guid(4fc46e3ce4a18d146be53c3e5d86a791) Importer(815301076,1909f56bfc062723c751e8b465ee728b)
Start importing Assets/Prefabs/Bullet.prefab using Guid(4fc46e3ce4a18d146be53c3e5d86a791) Importer(815301076,1909f56bfc062723c751e8b465ee728b)  -> (artifact id: '1c73997a94a2153173712f8388a2dd7e') in 0.007836 seconds 
  Import took 0.010669 seconds .

========================================================================
Received Import Request.
  Time since last request: 17.000040 seconds.
  path: Assets/Prefabs/Bullet.prefab
  artifactKey: Guid(4fc46e3ce4a18d146be53c3e5d86a791) Importer(815301076,1909f56bfc062723c751e8b465ee728b)
Start importing Assets/Prefabs/Bullet.prefab using Guid(4fc46e3ce4a18d146be53c3e5d86a791) Importer(815301076,1909f56bfc062723c751e8b465ee728b)  -> (artifact id: '8c35de1f6a87d5fb1989ee78771227aa') in 0.008853 seconds 
  Import took 0.011744 seconds .

========================================================================
Received Import Request.
  Time since last request: 6.648418 seconds.
  path: Assets/Prefabs/Bullet.prefab
  artifactKey: Guid(4fc46e3ce4a18d146be53c3e5d86a791) Importer(815301076,1909f56bfc062723c751e8b465ee728b)
Start importing Assets/Prefabs/Bullet.prefab using Guid(4fc46e3ce4a18d146be53c3e5d86a791) Importer(815301076,1909f56bfc062723c751e8b465ee728b)  -> (artifact id: '16e2dcbc96b91eb0b39416af9ce4486a') in 0.007657 seconds 
  Import took 0.010323 seconds .

========================================================================
Received Prepare
Registering precompiled user dll's ...
Registered in 0.004397 seconds.
Begin MonoManager ReloadAssembly
Native extension for WindowsStandalone target not found
Refreshing native plugins compatible for Editor in 0.38 ms, found 2 plugins.
Preloading 0 native plugins for Editor in 0.00 ms.
Mono: successfully reloaded assembly
- Completed reload, in  0.810 seconds
Domain Reload Profiling:
	ReloadAssembly (811ms)
		BeginReloadAssembly (96ms)
			ExecutionOrderSort (0ms)
			DisableScriptedObjects (4ms)
			BackupInstance (0ms)
			ReleaseScriptingObjects (0ms)
			CreateAndSetChildDomain (26ms)
		EndReloadAssembly (660ms)
			LoadAssemblies (71ms)
			RebuildTransferFunctionScriptingTraits (0ms)
			SetupTypeCache (233ms)
			ReleaseScriptCaches (1ms)
			RebuildScriptCaches (32ms)
			SetupLoadedEditorAssemblies (239ms)
				LogAssemblyErrors (0ms)
				InitializePlatformSupportModulesInManaged (4ms)
				SetLoadedEditorAssemblies (0ms)
				RefreshPlugins (0ms)
				BeforeProcessingInitializeOnLoad (69ms)
				ProcessInitializeOnLoadAttributes (153ms)
				ProcessInitializeOnLoadMethodAttributes (7ms)
				AfterProcessingInitializeOnLoad (6ms)
				EditorAssembliesLoaded (0ms)
			ExecutionOrderSort2 (0ms)
			AwakeInstancesAfterBackupRestoration (6ms)
Platform modules already initialized, skipping
Refreshing native plugins compatible for Editor in 0.35 ms, found 2 plugins.
Preloading 0 native plugins for Editor in 0.00 ms.
Unloading 1600 Unused Serialized files (Serialized files now loaded: 0)
System memory in use before: 92.1 MB.
System memory in use after: 92.2 MB.

Unloading 18 unused Assets to reduce memory usage. Loaded Objects now: 2154.
Total: 2.502900 ms (FindLiveObjects: 0.130000 ms CreateObjectMapping: 0.039900 ms MarkObjects: 2.297900 ms  DeleteObjects: 0.034500 ms)

AssetImportParameters requested are different than current active one (requested -> active):
  custom:framework-win-MediaFoundation: 216162199b28c13a410421893ffa2e32 -> 
  custom:video-decoder-ogg-theora: a1e56fd34408186e4bbccfd4996cb3dc -> 
  custom:container-muxer-webm: aa71ff27fc2769a1b78a27578f13a17b -> 
  custom:container-demuxer-webm: 4f35f7cbe854078d1ac9338744f61a02 -> 
  custom:container-demuxer-ogg: 62fdf1f143b41e24485cea50d1cbac27 -> 
  custom:video-encoder-webm-vp8: eb34c28f22e8b96e1ab97ce403110664 -> 
  custom:video-decoder-webm-vp8: 9c59270c3fd7afecdb556c50c9e8de78 -> 
  custom:audio-decoder-ogg-vorbis: bf7c407c2cedff20999df2af8eb42d56 -> 
  custom:audio-encoder-webm-vorbis: bf7c407c2cedff20999df2af8eb42d56 -> 
========================================================================
Received Import Request.
  Time since last request: 63.786591 seconds.
  path: Assets/Prefabs/Bullet.prefab
  artifactKey: Guid(4fc46e3ce4a18d146be53c3e5d86a791) Importer(815301076,1909f56bfc062723c751e8b465ee728b)
Start importing Assets/Prefabs/Bullet.prefab using Guid(4fc46e3ce4a18d146be53c3e5d86a791) Importer(815301076,1909f56bfc062723c751e8b465ee728b)  -> (artifact id: 'd9c2865c9aea12ddc27f38871620c684') in 0.049906 seconds 
  Import took 0.052772 seconds .

========================================================================
Received Prepare
Registering precompiled user dll's ...
Registered in 0.004307 seconds.
Begin MonoManager ReloadAssembly
Native extension for WindowsStandalone target not found
Refreshing native plugins compatible for Editor in 0.35 ms, found 2 plugins.
Preloading 0 native plugins for Editor in 0.00 ms.
Mono: successfully reloaded assembly
- Completed reload, in  0.787 seconds
Domain Reload Profiling:
	ReloadAssembly (788ms)
		BeginReloadAssembly (92ms)
			ExecutionOrderSort (0ms)
			DisableScriptedObjects (4ms)
			BackupInstance (0ms)
			ReleaseScriptingObjects (0ms)
			CreateAndSetChildDomain (27ms)
		EndReloadAssembly (640ms)
			LoadAssemblies (69ms)
			RebuildTransferFunctionScriptingTraits (0ms)
			SetupTypeCache (228ms)
			ReleaseScriptCaches (1ms)
			RebuildScriptCaches (32ms)
			SetupLoadedEditorAssemblies (230ms)
				LogAssemblyErrors (0ms)
				InitializePlatformSupportModulesInManaged (4ms)
				SetLoadedEditorAssemblies (0ms)
				RefreshPlugins (0ms)
				BeforeProcessingInitializeOnLoad (66ms)
				ProcessInitializeOnLoadAttributes (147ms)
				ProcessInitializeOnLoadMethodAttributes (7ms)
				AfterProcessingInitializeOnLoad (6ms)
				EditorAssembliesLoaded (0ms)
			ExecutionOrderSort2 (0ms)
			AwakeInstancesAfterBackupRestoration (5ms)
Platform modules already initialized, skipping
Refreshing native plugins compatible for Editor in 0.44 ms, found 2 plugins.
Preloading 0 native plugins for Editor in 0.00 ms.
Unloading 1600 Unused Serialized files (Serialized files now loaded: 0)
System memory in use before: 92.1 MB.
System memory in use after: 92.2 MB.

Unloading 18 unused Assets to reduce memory usage. Loaded Objects now: 2157.
Total: 2.463200 ms (FindLiveObjects: 0.128600 ms CreateObjectMapping: 0.048300 ms MarkObjects: 2.248800 ms  DeleteObjects: 0.036600 ms)

AssetImportParameters requested are different than current active one (requested -> active):
  custom:framework-win-MediaFoundation: 216162199b28c13a410421893ffa2e32 -> 
  custom:video-decoder-ogg-theora: a1e56fd34408186e4bbccfd4996cb3dc -> 
  custom:container-muxer-webm: aa71ff27fc2769a1b78a27578f13a17b -> 
  custom:container-demuxer-webm: 4f35f7cbe854078d1ac9338744f61a02 -> 
  custom:container-demuxer-ogg: 62fdf1f143b41e24485cea50d1cbac27 -> 
  custom:video-encoder-webm-vp8: eb34c28f22e8b96e1ab97ce403110664 -> 
  custom:video-decoder-webm-vp8: 9c59270c3fd7afecdb556c50c9e8de78 -> 
  custom:audio-decoder-ogg-vorbis: bf7c407c2cedff20999df2af8eb42d56 -> 
  custom:audio-encoder-webm-vorbis: bf7c407c2cedff20999df2af8eb42d56 -> 
========================================================================
Received Prepare
Registering precompiled user dll's ...
Registered in 0.004723 seconds.
Begin MonoManager ReloadAssembly
Native extension for WindowsStandalone target not found
Refreshing native plugins compatible for Editor in 0.35 ms, found 2 plugins.
Preloading 0 native plugins for Editor in 0.00 ms.
Mono: successfully reloaded assembly
- Completed reload, in  0.818 seconds
Domain Reload Profiling:
	ReloadAssembly (819ms)
		BeginReloadAssembly (92ms)
			ExecutionOrderSort (0ms)
			DisableScriptedObjects (4ms)
			BackupInstance (0ms)
			ReleaseScriptingObjects (0ms)
			CreateAndSetChildDomain (24ms)
		EndReloadAssembly (670ms)
			LoadAssemblies (73ms)
			RebuildTransferFunctionScriptingTraits (0ms)
			SetupTypeCache (239ms)
			ReleaseScriptCaches (1ms)
			RebuildScriptCaches (32ms)
			SetupLoadedEditorAssemblies (244ms)
				LogAssemblyErrors (0ms)
				InitializePlatformSupportModulesInManaged (4ms)
				SetLoadedEditorAssemblies (0ms)
				RefreshPlugins (0ms)
				BeforeProcessingInitializeOnLoad (70ms)
				ProcessInitializeOnLoadAttributes (156ms)
				ProcessInitializeOnLoadMethodAttributes (7ms)
				AfterProcessingInitializeOnLoad (6ms)
				EditorAssembliesLoaded (0ms)
			ExecutionOrderSort2 (0ms)
			AwakeInstancesAfterBackupRestoration (6ms)
Platform modules already initialized, skipping
Refreshing native plugins compatible for Editor in 0.34 ms, found 2 plugins.
Preloading 0 native plugins for Editor in 0.00 ms.
Unloading 1600 Unused Serialized files (Serialized files now loaded: 0)
System memory in use before: 92.1 MB.
System memory in use after: 92.3 MB.

Unloading 14 unused Assets to reduce memory usage. Loaded Objects now: 2159.
Total: 2.610600 ms (FindLiveObjects: 0.141400 ms CreateObjectMapping: 0.049700 ms MarkObjects: 2.405600 ms  DeleteObjects: 0.013100 ms)

AssetImportParameters requested are different than current active one (requested -> active):
  custom:framework-win-MediaFoundation: 216162199b28c13a410421893ffa2e32 -> 
  custom:video-decoder-ogg-theora: a1e56fd34408186e4bbccfd4996cb3dc -> 
  custom:container-muxer-webm: aa71ff27fc2769a1b78a27578f13a17b -> 
  custom:container-demuxer-webm: 4f35f7cbe854078d1ac9338744f61a02 -> 
  custom:container-demuxer-ogg: 62fdf1f143b41e24485cea50d1cbac27 -> 
  custom:video-encoder-webm-vp8: eb34c28f22e8b96e1ab97ce403110664 -> 
  custom:video-decoder-webm-vp8: 9c59270c3fd7afecdb556c50c9e8de78 -> 
  custom:audio-decoder-ogg-vorbis: bf7c407c2cedff20999df2af8eb42d56 -> 
  custom:audio-encoder-webm-vorbis: bf7c407c2cedff20999df2af8eb42d56 -> 
========================================================================
Received Prepare
Registering precompiled user dll's ...
Registered in 0.004780 seconds.
Begin MonoManager ReloadAssembly
Native extension for WindowsStandalone target not found
Refreshing native plugins compatible for Editor in 0.36 ms, found 2 plugins.
Preloading 0 native plugins for Editor in 0.00 ms.
Mono: successfully reloaded assembly
- Completed reload, in  0.877 seconds
Domain Reload Profiling:
	ReloadAssembly (877ms)
		BeginReloadAssembly (98ms)
			ExecutionOrderSort (0ms)
			DisableScriptedObjects (4ms)
			BackupInstance (0ms)
			ReleaseScriptingObjects (0ms)
			CreateAndSetChildDomain (26ms)
		EndReloadAssembly (720ms)
			LoadAssemblies (74ms)
			RebuildTransferFunctionScriptingTraits (0ms)
			SetupTypeCache (263ms)
			ReleaseScriptCaches (1ms)
			RebuildScriptCaches (35ms)
			SetupLoadedEditorAssemblies (246ms)
				LogAssemblyErrors (0ms)
				InitializePlatformSupportModulesInManaged (4ms)
				SetLoadedEditorAssemblies (0ms)
				RefreshPlugins (0ms)
				BeforeProcessingInitializeOnLoad (70ms)
				ProcessInitializeOnLoadAttributes (158ms)
				ProcessInitializeOnLoadMethodAttributes (7ms)
				AfterProcessingInitializeOnLoad (6ms)
				EditorAssembliesLoaded (0ms)
			ExecutionOrderSort2 (0ms)
			AwakeInstancesAfterBackupRestoration (6ms)
Platform modules already initialized, skipping
Refreshing native plugins compatible for Editor in 0.34 ms, found 2 plugins.
Preloading 0 native plugins for Editor in 0.00 ms.
Unloading 1600 Unused Serialized files (Serialized files now loaded: 0)
System memory in use before: 92.1 MB.
System memory in use after: 92.3 MB.

Unloading 14 unused Assets to reduce memory usage. Loaded Objects now: 2161.
Total: 2.604900 ms (FindLiveObjects: 0.142200 ms CreateObjectMapping: 0.049300 ms MarkObjects: 2.399500 ms  DeleteObjects: 0.012800 ms)

AssetImportParameters requested are different than current active one (requested -> active):
  custom:framework-win-MediaFoundation: 216162199b28c13a410421893ffa2e32 -> 
  custom:video-decoder-ogg-theora: a1e56fd34408186e4bbccfd4996cb3dc -> 
  custom:container-muxer-webm: aa71ff27fc2769a1b78a27578f13a17b -> 
  custom:container-demuxer-webm: 4f35f7cbe854078d1ac9338744f61a02 -> 
  custom:container-demuxer-ogg: 62fdf1f143b41e24485cea50d1cbac27 -> 
  custom:video-encoder-webm-vp8: eb34c28f22e8b96e1ab97ce403110664 -> 
  custom:video-decoder-webm-vp8: 9c59270c3fd7afecdb556c50c9e8de78 -> 
  custom:audio-decoder-ogg-vorbis: bf7c407c2cedff20999df2af8eb42d56 -> 
  custom:audio-encoder-webm-vorbis: bf7c407c2cedff20999df2af8eb42d56 -> 
========================================================================
Received Import Request.
  Time since last request: 353.432287 seconds.
  path: Assets/Scenes/level 1.unity
  artifactKey: Guid(2a8e18f976d9e8a43ae400cab9fe2ed8) Importer(815301076,1909f56bfc062723c751e8b465ee728b)
Start importing Assets/Scenes/level 1.unity using Guid(2a8e18f976d9e8a43ae400cab9fe2ed8) Importer(815301076,1909f56bfc062723c751e8b465ee728b)  -> (artifact id: '8e33fb4e96b2724ef7f4a0ffdf1402a2') in 0.030764 seconds 
  Import took 0.033412 seconds .

========================================================================
Received Prepare
Registering precompiled user dll's ...
Registered in 0.004284 seconds.
Begin MonoManager ReloadAssembly
Native extension for WindowsStandalone target not found
Refreshing native plugins compatible for Editor in 0.34 ms, found 2 plugins.
Preloading 0 native plugins for Editor in 0.00 ms.
Mono: successfully reloaded assembly
- Completed reload, in  0.795 seconds
Domain Reload Profiling:
	ReloadAssembly (795ms)
		BeginReloadAssembly (91ms)
			ExecutionOrderSort (0ms)
			DisableScriptedObjects (4ms)
			BackupInstance (0ms)
			ReleaseScriptingObjects (0ms)
			CreateAndSetChildDomain (26ms)
		EndReloadAssembly (651ms)
			LoadAssemblies (74ms)
			RebuildTransferFunctionScriptingTraits (0ms)
			SetupTypeCache (238ms)
			ReleaseScriptCaches (1ms)
			RebuildScriptCaches (32ms)
			SetupLoadedEditorAssemblies (229ms)
				LogAssemblyErrors (0ms)
				InitializePlatformSupportModulesInManaged (4ms)
				SetLoadedEditorAssemblies (0ms)
				RefreshPlugins (0ms)
				BeforeProcessingInitializeOnLoad (67ms)
				ProcessInitializeOnLoadAttributes (145ms)
				ProcessInitializeOnLoadMethodAttributes (6ms)
				AfterProcessingInitializeOnLoad (6ms)
				EditorAssembliesLoaded (0ms)
			ExecutionOrderSort2 (0ms)
			AwakeInstancesAfterBackupRestoration (5ms)
Platform modules already initialized, skipping
Refreshing native plugins compatible for Editor in 0.35 ms, found 2 plugins.
Preloading 0 native plugins for Editor in 0.00 ms.
Unloading 1600 Unused Serialized files (Serialized files now loaded: 0)
System memory in use before: 92.2 MB.
System memory in use after: 92.3 MB.

Unloading 14 unused Assets to reduce memory usage. Loaded Objects now: 2163.
Total: 2.472900 ms (FindLiveObjects: 0.135700 ms CreateObjectMapping: 0.039100 ms MarkObjects: 2.284100 ms  DeleteObjects: 0.013100 ms)

AssetImportParameters requested are different than current active one (requested -> active):
  custom:framework-win-MediaFoundation: 216162199b28c13a410421893ffa2e32 -> 
  custom:video-decoder-ogg-theora: a1e56fd34408186e4bbccfd4996cb3dc -> 
  custom:container-muxer-webm: aa71ff27fc2769a1b78a27578f13a17b -> 
  custom:container-demuxer-webm: 4f35f7cbe854078d1ac9338744f61a02 -> 
  custom:container-demuxer-ogg: 62fdf1f143b41e24485cea50d1cbac27 -> 
  custom:video-encoder-webm-vp8: eb34c28f22e8b96e1ab97ce403110664 -> 
  custom:video-decoder-webm-vp8: 9c59270c3fd7afecdb556c50c9e8de78 -> 
  custom:audio-decoder-ogg-vorbis: bf7c407c2cedff20999df2af8eb42d56 -> 
  custom:audio-encoder-webm-vorbis: bf7c407c2cedff20999df2af8eb42d56 -> 
========================================================================
Received Prepare
Registering precompiled user dll's ...
Registered in 0.004236 seconds.
Begin MonoManager ReloadAssembly
Native extension for WindowsStandalone target not found
Refreshing native plugins compatible for Editor in 0.34 ms, found 2 plugins.
Preloading 0 native plugins for Editor in 0.00 ms.
Mono: successfully reloaded assembly
- Completed reload, in  0.822 seconds
Domain Reload Profiling:
	ReloadAssembly (823ms)
		BeginReloadAssembly (89ms)
			ExecutionOrderSort (0ms)
			DisableScriptedObjects (4ms)
			BackupInstance (0ms)
			ReleaseScriptingObjects (0ms)
			CreateAndSetChildDomain (28ms)
		EndReloadAssembly (678ms)
			LoadAssemblies (72ms)
			RebuildTransferFunctionScriptingTraits (0ms)
			SetupTypeCache (240ms)
			ReleaseScriptCaches (1ms)
			RebuildScriptCaches (34ms)
			SetupLoadedEditorAssemblies (247ms)
				LogAssemblyErrors (0ms)
				InitializePlatformSupportModulesInManaged (5ms)
				SetLoadedEditorAssemblies (0ms)
				RefreshPlugins (0ms)
				BeforeProcessingInitializeOnLoad (73ms)
				ProcessInitializeOnLoadAttributes (156ms)
				ProcessInitializeOnLoadMethodAttributes (7ms)
				AfterProcessingInitializeOnLoad (6ms)
				EditorAssembliesLoaded (0ms)
			ExecutionOrderSort2 (0ms)
			AwakeInstancesAfterBackupRestoration (6ms)
Platform modules already initialized, skipping
Refreshing native plugins compatible for Editor in 0.34 ms, found 2 plugins.
Preloading 0 native plugins for Editor in 0.00 ms.
Unloading 1600 Unused Serialized files (Serialized files now loaded: 0)
System memory in use before: 92.2 MB.
System memory in use after: 92.3 MB.

Unloading 14 unused Assets to reduce memory usage. Loaded Objects now: 2165.
Total: 2.428200 ms (FindLiveObjects: 0.140400 ms CreateObjectMapping: 0.042200 ms MarkObjects: 2.232100 ms  DeleteObjects: 0.012900 ms)

AssetImportParameters requested are different than current active one (requested -> active):
  custom:framework-win-MediaFoundation: 216162199b28c13a410421893ffa2e32 -> 
  custom:video-decoder-ogg-theora: a1e56fd34408186e4bbccfd4996cb3dc -> 
  custom:container-muxer-webm: aa71ff27fc2769a1b78a27578f13a17b -> 
  custom:container-demuxer-webm: 4f35f7cbe854078d1ac9338744f61a02 -> 
  custom:container-demuxer-ogg: 62fdf1f143b41e24485cea50d1cbac27 -> 
  custom:video-encoder-webm-vp8: eb34c28f22e8b96e1ab97ce403110664 -> 
  custom:video-decoder-webm-vp8: 9c59270c3fd7afecdb556c50c9e8de78 -> 
  custom:audio-decoder-ogg-vorbis: bf7c407c2cedff20999df2af8eb42d56 -> 
  custom:audio-encoder-webm-vorbis: bf7c407c2cedff20999df2af8eb42d56 -> 
========================================================================
Received Prepare
Registering precompiled user dll's ...
Registered in 0.004788 seconds.
Begin MonoManager ReloadAssembly
Native extension for WindowsStandalone target not found
Refreshing native plugins compatible for Editor in 0.34 ms, found 2 plugins.
Preloading 0 native plugins for Editor in 0.00 ms.
Mono: successfully reloaded assembly
- Completed reload, in  0.759 seconds
Domain Reload Profiling:
	ReloadAssembly (759ms)
		BeginReloadAssembly (91ms)
			ExecutionOrderSort (0ms)
			DisableScriptedObjects (4ms)
			BackupInstance (0ms)
			ReleaseScriptingObjects (0ms)
			CreateAndSetChildDomain (23ms)
		EndReloadAssembly (617ms)
			LoadAssemblies (66ms)
			RebuildTransferFunctionScriptingTraits (0ms)
			SetupTypeCache (219ms)
			ReleaseScriptCaches (1ms)
			RebuildScriptCaches (31ms)
			SetupLoadedEditorAssemblies (221ms)
				LogAssemblyErrors (0ms)
				InitializePlatformSupportModulesInManaged (4ms)
				SetLoadedEditorAssemblies (0ms)
				RefreshPlugins (0ms)
				BeforeProcessingInitializeOnLoad (65ms)
				ProcessInitializeOnLoadAttributes (139ms)
				ProcessInitializeOnLoadMethodAttributes (6ms)
				AfterProcessingInitializeOnLoad (6ms)
				EditorAssembliesLoaded (0ms)
			ExecutionOrderSort2 (0ms)
			AwakeInstancesAfterBackupRestoration (5ms)
Platform modules already initialized, skipping
Refreshing native plugins compatible for Editor in 0.35 ms, found 2 plugins.
Preloading 0 native plugins for Editor in 0.00 ms.
Unloading 1600 Unused Serialized files (Serialized files now loaded: 0)
System memory in use before: 92.2 MB.
System memory in use after: 92.3 MB.

Unloading 14 unused Assets to reduce memory usage. Loaded Objects now: 2167.
Total: 2.630200 ms (FindLiveObjects: 0.123500 ms CreateObjectMapping: 0.045100 ms MarkObjects: 2.417800 ms  DeleteObjects: 0.043200 ms)

AssetImportParameters requested are different than current active one (requested -> active):
  custom:framework-win-MediaFoundation: 216162199b28c13a410421893ffa2e32 -> 
  custom:video-decoder-ogg-theora: a1e56fd34408186e4bbccfd4996cb3dc -> 
  custom:container-muxer-webm: aa71ff27fc2769a1b78a27578f13a17b -> 
  custom:container-demuxer-webm: 4f35f7cbe854078d1ac9338744f61a02 -> 
  custom:container-demuxer-ogg: 62fdf1f143b41e24485cea50d1cbac27 -> 
  custom:video-encoder-webm-vp8: eb34c28f22e8b96e1ab97ce403110664 -> 
  custom:video-decoder-webm-vp8: 9c59270c3fd7afecdb556c50c9e8de78 -> 
  custom:audio-decoder-ogg-vorbis: bf7c407c2cedff20999df2af8eb42d56 -> 
  custom:audio-encoder-webm-vorbis: bf7c407c2cedff20999df2af8eb42d56 -> 
AssetImportWorkerClient::OnTransportError - code=2 error=End of file
